================================================================================
MIMO-Push GP v2  started 2026-04-12 16:42:27
================================================================================

[2026-04-12 16:42:27] Configuration
{
  "generations": 20,
  "population": 150,
  "train_samples": 20,
  "train_nt": 8,
  "train_nr": 16,
  "mod_order": 16,
  "train_max_nodes": 40,
  "train_flops_max": 80000,
  "eval_trials": 200,
  "eval_max_nodes": 1500,
  "eval_flops_max": 200000,
  "train_snrs": "10,12,14",
  "eval_snrs": "8,10,12,14,16,18,20",
  "seed": 99,
  "continuous": true,
  "batch_gens": 10,
  "log_suffix": "v7"
}
------------------------------------------------------------

[2026-04-12 16:45:51] Gen 0  Fit(BER=0.05000 ratio=0.500 FLOPs=12902 len=5 faults=0.00 gap=0.000)  (initial)
  Exec.DoTimes([Mat.VecMul, Node.GetLocalDist, Float.Abs]) ; Bool.Or
================================================================================
MIMO-Push GP v2  started 2026-04-12 16:46:59
================================================================================

[2026-04-12 16:46:59] Configuration
{
  "generations": 20,
  "population": 150,
  "train_samples": 20,
  "train_nt": 8,
  "train_nr": 16,
  "mod_order": 16,
  "train_max_nodes": 40,
  "train_flops_max": 80000,
  "eval_trials": 200,
  "eval_max_nodes": 1500,
  "eval_flops_max": 200000,
  "train_snrs": "10,12,14",
  "eval_snrs": "8,10,12,14,16,18,20",
  "seed": 99,
  "continuous": true,
  "batch_gens": 10,
  "log_suffix": "v7"
}
------------------------------------------------------------

[2026-04-12 16:50:06] Gen 0  Fit(BER=0.06250 ratio=0.625 FLOPs=43970 len=34 faults=0.00 gap=0.000)  (initial)
  Node.GetLocalDist ; Float.Const0_1 ; Node.WriteMem ; Float.ConstNeg1 ; Node.ReadMem ; Int.Swap ; Graph.NodeCount ; Exec.DoTimes([Node.ForEachChild([Node.GetSymRe, Float.Tanh, Float.LT, Float.Const0]), Bool.Pop, Float.Exp]) ; Node.GetLocalDist ; Node.ForEachAncestor([Int.Sub, Node.ForEachAncestor([Float.Log, Int.Dec, Int.Dec, Float.Exp]), Node.ForEachAncestor([Float.Min, Mat.ElementAt]), Float.Const1]) ; Int.LT ; Float.Div ; Int.Dec ; Vec.Sub ; Graph.FrontierCount ; Mat.ElementAt ; Float.Min
