================================================================================
BP-Stack-Decoder GP  started 2026-04-13 01:41:58
================================================================================

[2026-04-13 01:41:58] Configuration
{
  "generations": 30,
  "population": 100,
  "train_samples": 16,
  "train_nt": 8,
  "train_nr": 16,
  "mod_order": 16,
  "train_max_nodes": 500,
  "train_flops_max": 2000000,
  "step_max": 1500,
  "eval_trials": 200,
  "eval_max_nodes": 2000,
  "eval_flops_max": 5000000,
  "train_snrs": "10,12,14",
  "eval_snrs": "8,10,12,14,16",
  "seed": 137,
  "continuous": true,
  "batch_gens": 5,
  "log_suffix": "v3_2"
}
------------------------------------------------------------

[2026-04-13 01:44:24] Gen 0  Fit(BER=0.08945 ratio=1.145 FLOPs=16737 len=27 faults=0.00 gap=0.008)  (initial)
  IF([Bool.Not, Vec.Dot], [Float.Tanh, Mat.VecMul]) ; Node.WriteMem ; Int.Dec ; Node.GetCumDist ; Node.Dup ; Matrix.Dup ; Vec.PeekAtIm ; Node.GetSymIm ; Vec.Norm2 ; Node.ReadMem ; Vec.SecondPeekAtIm ; Vec.Sub ; Vec.PeekAtIm ; Vector.Dup ; Vec.SecondPeekAtIm ; Float.Mul ; Int.Add ; Node.ForEachSibling([Node.GetSymIm, Node.IsExpanded, Vec.Dot]) ; Node.GetLayer ; Vector.Swap

[2026-04-13 01:46:39] Gen 1  Fit(BER=0.10938 ratio=1.400 FLOPs=19973 len=23 faults=0.00 gap=0.000)  (NEW BEST)
  Vec.SecondPeekAtIm ; Float.Abs ; Matrix.Dup ; Node.GetSymIm ; Node.GetSymRe ; Vector.Dup ; Node.GetSymRe ; Mat.VecMul ; Float.Min ; Exec.DoTimes([Bool.Not, Graph.GetRoot, Exec.MinOverSymbols([Int.Inc, Float.Const1, Graph.FrontierCount, Int.Dup])]) ; Mat.Rows ; Float.Log ; Float.Min ; Bool.True ; Float.Rot ; Int.GetNumSymbols

[2026-04-13 01:48:50] Gen 2  Fit(BER=0.10938 ratio=0.875 FLOPs=17187 len=4 faults=0.00 gap=0.000)  (NEW BEST)
  Mat.VecMul ; Node.ForEachSibling([Vec.Dot, Float.Neg])

[2026-04-13 01:51:49] Gen 3  Fit(BER=0.10938 ratio=0.875 FLOPs=17187 len=4 faults=0.00 gap=0.000)
  Mat.VecMul ; Node.ForEachSibling([Vec.Dot, Float.Neg])

[2026-04-13 01:54:15] Gen 4  Fit(BER=0.10938 ratio=0.875 FLOPs=17059 len=13 faults=0.00 gap=0.000)  (NEW BEST)
  Node.GetScore ; Float.GetNoiseVar ; Exec.While([Int.FromFloat]) ; Node.ForEachChild([Float.Rot, Float.Div, Node.GetLayer]) ; Mat.VecMul ; Node.ForEachSibling([Vec.Dot, Float.Neg]) ; Node.GetLayer

[2026-04-13 01:55:22] Gen 5  Fit(BER=0.10938 ratio=0.875 FLOPs=17059 len=13 faults=0.00 gap=0.000)
  Node.GetScore ; Float.GetNoiseVar ; Exec.While([Int.FromFloat]) ; Node.ForEachChild([Float.Rot, Float.Div, Node.GetLayer]) ; Mat.VecMul ; Node.ForEachSibling([Vec.Dot, Float.Neg]) ; Node.GetLayer

[2026-04-13 01:56:46] Full eval
[
  {
    "snr_db": 8.0,
    "evolved_ber": 0.344375,
    "evolved_flops": 69866.72,
    "lmmse_ber": 0.31625,
    "kbest16_ber": 0.27625,
    "kbest32_ber": 0.2775
  },
  {
    "snr_db": 10.0,
    "evolved_ber": 0.20875,
    "evolved_flops": 58790.8,
    "lmmse_ber": 0.19,
    "kbest16_ber": 0.14,
    "kbest32_ber": 0.14
  },
  {
    "snr_db": 12.0,
    "evolved_ber": 0.125,
    "evolved_flops": 55503.28,
    "lmmse_ber": 0.105,
    "kbest16_ber": 0.043125,
    "kbest32_ber": 0.043125
  },
  {
    "snr_db": 14.0,
    "evolved_ber": 0.084375,
    "evolved_flops": 53385.92,
    "lmmse_ber": 0.04,
    "kbest16_ber": 0.0125,
    "kbest32_ber": 0.0125
  },
  {
    "snr_db": 16.0,
    "evolved_ber": 0.081875,
    "evolved_flops": 51662.96,
    "lmmse_ber": 0.016875,
    "kbest16_ber": 0.00125,
    "kbest32_ber": 0.00125
  }
]
------------------------------------------------------------

[2026-04-13 01:57:51] Gen 6  Fit(BER=0.04688 ratio=0.316 FLOPs=14774 len=14 faults=0.00 gap=0.000)  (NEW BEST)
  Node.Swap ; Node.ForEachSibling([Vec.ElementAt, Float.Const0, Bool.Dup, Int.Inc]) ; Graph.NodeCount ; Mat.PeekAt ; Node.ForEachSibling([Vec.Dot, Float.Neg]) ; Bool.Dup ; Mat.PeekAtIm ; Vec.PeekAtIm

[2026-04-13 01:58:44] Gen 7  Fit(BER=0.04688 ratio=0.316 FLOPs=14774 len=14 faults=0.00 gap=0.000)
  Node.Swap ; Node.ForEachSibling([Vec.ElementAt, Float.Const0, Bool.Dup, Int.Inc]) ; Graph.NodeCount ; Mat.PeekAt ; Node.ForEachSibling([Vec.Dot, Float.Neg]) ; Bool.Dup ; Mat.PeekAtIm ; Vec.PeekAtIm

[2026-04-13 02:00:00] Gen 8  Fit(BER=0.04688 ratio=0.316 FLOPs=14774 len=14 faults=0.00 gap=0.000)
  Node.Swap ; Node.ForEachSibling([Vec.ElementAt, Float.Const0, Bool.Dup, Int.Inc]) ; Graph.NodeCount ; Mat.PeekAt ; Node.ForEachSibling([Vec.Dot, Float.Neg]) ; Bool.Dup ; Mat.PeekAtIm ; Vec.PeekAtIm

[2026-04-13 02:01:46] Gen 9  Fit(BER=0.04688 ratio=0.316 FLOPs=14774 len=14 faults=0.00 gap=0.000)
  Node.Swap ; Node.ForEachSibling([Vec.ElementAt, Float.Const0, Bool.Dup, Int.Inc]) ; Graph.NodeCount ; Mat.PeekAt ; Node.ForEachSibling([Vec.Dot, Float.Neg]) ; Bool.Dup ; Mat.PeekAtIm ; Vec.PeekAtIm

[2026-04-13 02:03:05] Gen 10  Fit(BER=0.04688 ratio=0.316 FLOPs=14774 len=14 faults=0.00 gap=0.000)
  Node.Swap ; Node.ForEachSibling([Vec.ElementAt, Float.Const0, Bool.Dup, Int.Inc]) ; Graph.NodeCount ; Mat.PeekAt ; Node.ForEachSibling([Vec.Dot, Float.Neg]) ; Bool.Dup ; Mat.PeekAtIm ; Vec.PeekAtIm

[2026-04-13 02:04:38] Full eval
[
  {
    "snr_db": 8.0,
    "evolved_ber": 0.285625,
    "evolved_flops": 49243.04,
    "lmmse_ber": 0.31625,
    "kbest16_ber": 0.27625,
    "kbest32_ber": 0.2775
  },
  {
    "snr_db": 10.0,
    "evolved_ber": 0.153125,
    "evolved_flops": 35457.44,
    "lmmse_ber": 0.19,
    "kbest16_ber": 0.14,
    "kbest32_ber": 0.14
  },
  {
    "snr_db": 12.0,
    "evolved_ber": 0.04125,
    "evolved_flops": 20521.44,
    "lmmse_ber": 0.105,
    "kbest16_ber": 0.043125,
    "kbest32_ber": 0.043125
  },
  {
    "snr_db": 14.0,
    "evolved_ber": 0.01,
    "evolved_flops": 13002.08,
    "lmmse_ber": 0.04,
    "kbest16_ber": 0.0125,
    "kbest32_ber": 0.0125
  },
  {
    "snr_db": 16.0,
    "evolved_ber": 0.0025,
    "evolved_flops": 10149.6,
    "lmmse_ber": 0.016875,
    "kbest16_ber": 0.00125,
    "kbest32_ber": 0.00125
  }
]
------------------------------------------------------------

[2026-04-13 02:06:47] Gen 11  Fit(BER=0.04688 ratio=0.316 FLOPs=14774 len=14 faults=0.00 gap=0.000)
  Node.Swap ; Node.ForEachSibling([Vec.ElementAt, Float.Const0, Bool.Dup, Int.Inc]) ; Graph.NodeCount ; Mat.PeekAt ; Node.ForEachSibling([Vec.Dot, Float.Neg]) ; Bool.Dup ; Mat.PeekAtIm ; Vec.PeekAtIm

[2026-04-13 02:08:24] Gen 12  Fit(BER=0.04688 ratio=0.316 FLOPs=14774 len=14 faults=0.00 gap=0.000)
  Node.Swap ; Node.ForEachSibling([Vec.ElementAt, Float.Const0, Bool.Dup, Int.Inc]) ; Graph.NodeCount ; Mat.PeekAt ; Node.ForEachSibling([Vec.Dot, Float.Neg]) ; Bool.Dup ; Mat.PeekAtIm ; Vec.PeekAtIm

[2026-04-13 02:10:26] Gen 13  Fit(BER=0.04688 ratio=0.316 FLOPs=14774 len=14 faults=0.00 gap=0.000)
  Node.Swap ; Node.ForEachSibling([Vec.ElementAt, Float.Const0, Bool.Dup, Int.Inc]) ; Graph.NodeCount ; Mat.PeekAt ; Node.ForEachSibling([Vec.Dot, Float.Neg]) ; Bool.Dup ; Mat.PeekAtIm ; Vec.PeekAtIm

[2026-04-13 02:13:33] Gen 14  Fit(BER=0.04688 ratio=0.316 FLOPs=14774 len=14 faults=0.00 gap=0.000)
  Node.Swap ; Node.ForEachSibling([Vec.ElementAt, Float.Const0, Bool.Dup, Int.Inc]) ; Graph.NodeCount ; Mat.PeekAt ; Node.ForEachSibling([Vec.Dot, Float.Neg]) ; Bool.Dup ; Mat.PeekAtIm ; Vec.PeekAtIm

[2026-04-13 02:15:56] Gen 15  Fit(BER=0.04688 ratio=0.316 FLOPs=14774 len=14 faults=0.00 gap=0.000)
  Node.Swap ; Node.ForEachSibling([Vec.ElementAt, Float.Const0, Bool.Dup, Int.Inc]) ; Graph.NodeCount ; Mat.PeekAt ; Node.ForEachSibling([Vec.Dot, Float.Neg]) ; Bool.Dup ; Mat.PeekAtIm ; Vec.PeekAtIm

[2026-04-13 02:17:34] Full eval
[
  {
    "snr_db": 8.0,
    "evolved_ber": 0.285625,
    "evolved_flops": 49243.04,
    "lmmse_ber": 0.31625,
    "kbest16_ber": 0.27625,
    "kbest32_ber": 0.2775
  },
  {
    "snr_db": 10.0,
    "evolved_ber": 0.153125,
    "evolved_flops": 35457.44,
    "lmmse_ber": 0.19,
    "kbest16_ber": 0.14,
    "kbest32_ber": 0.14
  },
  {
    "snr_db": 12.0,
    "evolved_ber": 0.04125,
    "evolved_flops": 20521.44,
    "lmmse_ber": 0.105,
    "kbest16_ber": 0.043125,
    "kbest32_ber": 0.043125
  },
  {
    "snr_db": 14.0,
    "evolved_ber": 0.01,
    "evolved_flops": 13002.08,
    "lmmse_ber": 0.04,
    "kbest16_ber": 0.0125,
    "kbest32_ber": 0.0125
  },
  {
    "snr_db": 16.0,
    "evolved_ber": 0.0025,
    "evolved_flops": 10149.6,
    "lmmse_ber": 0.016875,
    "kbest16_ber": 0.00125,
    "kbest32_ber": 0.00125
  }
]
------------------------------------------------------------

[2026-04-13 02:19:35] Gen 16  Fit(BER=0.04688 ratio=0.316 FLOPs=14774 len=14 faults=0.00 gap=0.000)
  Node.Swap ; Node.ForEachSibling([Vec.ElementAt, Float.Const0, Bool.Dup, Int.Inc]) ; Graph.NodeCount ; Mat.PeekAt ; Node.ForEachSibling([Vec.Dot, Float.Neg]) ; Bool.Dup ; Mat.PeekAtIm ; Vec.PeekAtIm

[2026-04-13 02:22:32] Gen 17  Fit(BER=0.04688 ratio=0.316 FLOPs=14774 len=14 faults=0.00 gap=0.000)
  Node.Swap ; Node.ForEachSibling([Vec.ElementAt, Float.Const0, Bool.Dup, Int.Inc]) ; Graph.NodeCount ; Mat.PeekAt ; Node.ForEachSibling([Vec.Dot, Float.Neg]) ; Bool.Dup ; Mat.PeekAtIm ; Vec.PeekAtIm

[2026-04-13 02:24:35] Gen 18  Fit(BER=0.04688 ratio=0.316 FLOPs=14774 len=14 faults=0.00 gap=0.000)
  Node.Swap ; Node.ForEachSibling([Vec.ElementAt, Float.Const0, Bool.Dup, Int.Inc]) ; Graph.NodeCount ; Mat.PeekAt ; Node.ForEachSibling([Vec.Dot, Float.Neg]) ; Bool.Dup ; Mat.PeekAtIm ; Vec.PeekAtIm

[2026-04-13 02:27:09] Gen 19  Fit(BER=0.04688 ratio=0.316 FLOPs=14774 len=14 faults=0.00 gap=0.000)
  Node.Swap ; Node.ForEachSibling([Vec.ElementAt, Float.Const0, Bool.Dup, Int.Inc]) ; Graph.NodeCount ; Mat.PeekAt ; Node.ForEachSibling([Vec.Dot, Float.Neg]) ; Bool.Dup ; Mat.PeekAtIm ; Vec.PeekAtIm

[2026-04-13 02:28:03] Gen 20  Fit(BER=0.04688 ratio=0.316 FLOPs=14774 len=14 faults=0.00 gap=0.000)
  Node.Swap ; Node.ForEachSibling([Vec.ElementAt, Float.Const0, Bool.Dup, Int.Inc]) ; Graph.NodeCount ; Mat.PeekAt ; Node.ForEachSibling([Vec.Dot, Float.Neg]) ; Bool.Dup ; Mat.PeekAtIm ; Vec.PeekAtIm

[2026-04-13 02:29:38] Full eval
[
  {
    "snr_db": 8.0,
    "evolved_ber": 0.285625,
    "evolved_flops": 49243.04,
    "lmmse_ber": 0.31625,
    "kbest16_ber": 0.27625,
    "kbest32_ber": 0.2775
  },
  {
    "snr_db": 10.0,
    "evolved_ber": 0.153125,
    "evolved_flops": 35457.44,
    "lmmse_ber": 0.19,
    "kbest16_ber": 0.14,
    "kbest32_ber": 0.14
  },
  {
    "snr_db": 12.0,
    "evolved_ber": 0.04125,
    "evolved_flops": 20521.44,
    "lmmse_ber": 0.105,
    "kbest16_ber": 0.043125,
    "kbest32_ber": 0.043125
  },
  {
    "snr_db": 14.0,
    "evolved_ber": 0.01,
    "evolved_flops": 13002.08,
    "lmmse_ber": 0.04,
    "kbest16_ber": 0.0125,
    "kbest32_ber": 0.0125
  },
  {
    "snr_db": 16.0,
    "evolved_ber": 0.0025,
    "evolved_flops": 10149.6,
    "lmmse_ber": 0.016875,
    "kbest16_ber": 0.00125,
    "kbest32_ber": 0.00125
  }
]
------------------------------------------------------------

[2026-04-13 02:30:54] Gen 21  Fit(BER=0.04688 ratio=0.316 FLOPs=14774 len=14 faults=0.00 gap=0.000)
  Node.Swap ; Node.ForEachSibling([Vec.ElementAt, Float.Const0, Bool.Dup, Int.Inc]) ; Graph.NodeCount ; Mat.PeekAt ; Node.ForEachSibling([Vec.Dot, Float.Neg]) ; Bool.Dup ; Mat.PeekAtIm ; Vec.PeekAtIm

[2026-04-13 02:32:10] Gen 22  Fit(BER=0.04688 ratio=0.316 FLOPs=14774 len=14 faults=0.00 gap=0.000)
  Node.Swap ; Node.ForEachSibling([Vec.ElementAt, Float.Const0, Bool.Dup, Int.Inc]) ; Graph.NodeCount ; Mat.PeekAt ; Node.ForEachSibling([Vec.Dot, Float.Neg]) ; Bool.Dup ; Mat.PeekAtIm ; Vec.PeekAtIm

[2026-04-13 02:33:42] Gen 23  Fit(BER=0.04688 ratio=0.316 FLOPs=14774 len=14 faults=0.00 gap=0.000)
  Node.Swap ; Node.ForEachSibling([Vec.ElementAt, Float.Const0, Bool.Dup, Int.Inc]) ; Graph.NodeCount ; Mat.PeekAt ; Node.ForEachSibling([Vec.Dot, Float.Neg]) ; Bool.Dup ; Mat.PeekAtIm ; Vec.PeekAtIm

[2026-04-13 02:34:56] Gen 24  Fit(BER=0.04688 ratio=0.316 FLOPs=14774 len=14 faults=0.00 gap=0.000)
  Node.Swap ; Node.ForEachSibling([Vec.ElementAt, Float.Const0, Bool.Dup, Int.Inc]) ; Graph.NodeCount ; Mat.PeekAt ; Node.ForEachSibling([Vec.Dot, Float.Neg]) ; Bool.Dup ; Mat.PeekAtIm ; Vec.PeekAtIm

[2026-04-13 02:36:33] Gen 25  Fit(BER=0.04688 ratio=0.316 FLOPs=14774 len=14 faults=0.00 gap=0.000)
  Node.Swap ; Node.ForEachSibling([Vec.ElementAt, Float.Const0, Bool.Dup, Int.Inc]) ; Graph.NodeCount ; Mat.PeekAt ; Node.ForEachSibling([Vec.Dot, Float.Neg]) ; Bool.Dup ; Mat.PeekAtIm ; Vec.PeekAtIm

[2026-04-13 02:38:11] Full eval
[
  {
    "snr_db": 8.0,
    "evolved_ber": 0.285625,
    "evolved_flops": 49243.04,
    "lmmse_ber": 0.31625,
    "kbest16_ber": 0.27625,
    "kbest32_ber": 0.2775
  },
  {
    "snr_db": 10.0,
    "evolved_ber": 0.153125,
    "evolved_flops": 35457.44,
    "lmmse_ber": 0.19,
    "kbest16_ber": 0.14,
    "kbest32_ber": 0.14
  },
  {
    "snr_db": 12.0,
    "evolved_ber": 0.04125,
    "evolved_flops": 20521.44,
    "lmmse_ber": 0.105,
    "kbest16_ber": 0.043125,
    "kbest32_ber": 0.043125
  },
  {
    "snr_db": 14.0,
    "evolved_ber": 0.01,
    "evolved_flops": 13002.08,
    "lmmse_ber": 0.04,
    "kbest16_ber": 0.0125,
    "kbest32_ber": 0.0125
  },
  {
    "snr_db": 16.0,
    "evolved_ber": 0.0025,
    "evolved_flops": 10149.6,
    "lmmse_ber": 0.016875,
    "kbest16_ber": 0.00125,
    "kbest32_ber": 0.00125
  }
]
------------------------------------------------------------

[2026-04-13 02:41:41] Gen 26  Fit(BER=0.04688 ratio=0.316 FLOPs=14774 len=14 faults=0.00 gap=0.000)
  Node.Swap ; Node.ForEachSibling([Vec.ElementAt, Float.Const0, Bool.Dup, Int.Inc]) ; Graph.NodeCount ; Mat.PeekAt ; Node.ForEachSibling([Vec.Dot, Float.Neg]) ; Bool.Dup ; Mat.PeekAtIm ; Vec.PeekAtIm
