================================================================================
BP-Stack-Decoder GP  started 2026-04-13 02:40:45
================================================================================

[2026-04-13 02:40:45] Configuration
{
  "generations": 30,
  "population": 100,
  "train_samples": 16,
  "train_nt": 8,
  "train_nr": 16,
  "mod_order": 16,
  "train_max_nodes": 200,
  "train_flops_max": 2000000,
  "step_max": 2000,
  "eval_trials": 200,
  "eval_max_nodes": 2000,
  "eval_flops_max": 5000000,
  "train_snrs": "8,10,12",
  "eval_snrs": "8,10,12,14,16",
  "seed": 999,
  "continuous": true,
  "batch_gens": 5,
  "log_suffix": "v4_3"
}
------------------------------------------------------------

[2026-04-13 02:42:44] Gen 0  Fit(BER=0.18164 ratio=1.224 FLOPs=12588 len=31 faults=0.00 gap=0.039 bp=0.0)  (initial)
  Float.Dup ; Exec.DoTimes([Int.GetNumSymbols, Mat.PeekAt, Bool.False]) ; Node.GetSymRe ; Node.GetSymRe ; Exec.MinOverSymbols([Bool.True]) ; Mat.ElementAt ; Mat.Row ; Float.Neg ; Float.Swap ; Vec.PeekAt ; Float.GetMMSELB ; IF([Matrix.Dup, Int.Inc], [Vec.Scale, Int.Inc, Exec.ForEachSymbol([Int.Sub, Node.ReadMem]), Exec.MinOverSymbols([Float.GetMMSELB, Int.Pop, Mat.PeekAt, Vec.Add])]) ; Float.Max ; Mat.Row ; Graph.FrontierCount

[2026-04-13 02:43:42] Gen 1  Fit(BER=0.22734 ratio=1.532 FLOPs=14935 len=24 faults=0.00 gap=0.016 bp=19.7)  (NEW BEST)
  IF([Float.Const0_1, Node.NumChildren, Node.GetLayer], [Bool.Pop, Node.GetLocalDist]) ; Vec.Dot ; Vec.PeekAt ; Node.ForEachSibling([Int.Dec, Vec.GetResidue, Vector.Pop, Vector.Pop]) ; Node.GetScore ; Node.ForEachSibling([Vec.Norm2, Float.GetMMSELB, Float.Add, Node.SetScore]) ; Float.Max ; Node.ReadMem ; Exec.MinOverSymbols([Float.Add]) ; Node.GetLayer

[2026-04-13 02:45:11] Gen 2  Fit(BER=0.17891 ratio=0.996 FLOPs=12640 len=14 faults=0.00 gap=0.016 bp=0.0)  (NEW BEST)
  Node.GetLocalDist ; Bool.Dup ; Vec.ElementAt ; Mat.PeekAtIm ; Float.Sqrt ; Bool.Not ; Graph.NodeCount ; Float.GetMMSELB ; Vec.PeekAtIm ; Node.Pop ; Node.GetCumDist ; Node.NumChildren ; Float.Sub ; Bool.And

[2026-04-13 02:46:25] Gen 3  Fit(BER=0.17891 ratio=0.996 FLOPs=12640 len=14 faults=0.00 gap=0.016 bp=0.0)
  Node.GetLocalDist ; Bool.Dup ; Vec.ElementAt ; Mat.PeekAtIm ; Float.Sqrt ; Bool.Not ; Graph.NodeCount ; Float.GetMMSELB ; Vec.PeekAtIm ; Node.Pop ; Node.GetCumDist ; Node.NumChildren ; Float.Sub ; Bool.And

[2026-04-13 02:47:20] Gen 4  Fit(BER=0.14922 ratio=0.830 FLOPs=16196 len=13 faults=0.00 gap=0.016 bp=5.0)  (NEW BEST)
  Int.LT ; Mat.PeekAt ; Graph.NodeCount ; IF([Node.IsExpanded], [Int.GT]) ; Node.ForEachSibling([Float.GetMMSELB, Node.GetScore, Float.Mul, Node.SetScore]) ; Int.Const2 ; Mat.Row

[2026-04-13 02:48:36] Gen 5  Fit(BER=0.20312 ratio=0.788 FLOPs=12892 len=23 faults=0.00 gap=0.000 bp=0.0)  (NEW BEST)
  Node.ForEachAncestor([Node.GetLocalDist]) ; Node.GetLayer ; Exec.ForEachSymbol([Int.LT, Node.GetSymIm, Vec.PeekAt]) ; Node.GetLocalDist ; Bool.Dup ; Vec.ElementAt ; Mat.PeekAtIm ; Float.Sqrt ; Graph.NodeCount ; Float.GetMMSELB ; Vec.PeekAtIm ; Node.Pop ; Node.GetCumDist ; Node.NumChildren ; Node.ForEachChild([Int.LT, Int.Swap]) ; Float.Sub ; Bool.And

[2026-04-13 02:52:03] Full eval
[
  {
    "snr_db": 8.0,
    "evolved_ber": 0.3225,
    "evolved_flops": 50610.62,
    "lmmse_ber": 0.31625,
    "kbest16_ber": 0.27625,
    "kbest32_ber": 0.2775
  },
  {
    "snr_db": 10.0,
    "evolved_ber": 0.2125,
    "evolved_flops": 43660.74,
    "lmmse_ber": 0.19,
    "kbest16_ber": 0.14,
    "kbest32_ber": 0.14
  },
  {
    "snr_db": 12.0,
    "evolved_ber": 0.1025,
    "evolved_flops": 34054.46,
    "lmmse_ber": 0.105,
    "kbest16_ber": 0.043125,
    "kbest32_ber": 0.043125
  },
  {
    "snr_db": 14.0,
    "evolved_ber": 0.050625,
    "evolved_flops": 23143.62,
    "lmmse_ber": 0.04,
    "kbest16_ber": 0.0125,
    "kbest32_ber": 0.0125
  },
  {
    "snr_db": 16.0,
    "evolved_ber": 0.03875,
    "evolved_flops": 18685.83,
    "lmmse_ber": 0.016875,
    "kbest16_ber": 0.00125,
    "kbest32_ber": 0.00125
  }
]
------------------------------------------------------------

[2026-04-13 02:53:20] Gen 6  Fit(BER=0.20312 ratio=0.788 FLOPs=12892 len=23 faults=0.00 gap=0.000 bp=0.0)
  Node.ForEachAncestor([Node.GetLocalDist]) ; Node.GetLayer ; Exec.ForEachSymbol([Int.LT, Node.GetSymIm, Vec.PeekAt]) ; Node.GetLocalDist ; Bool.Dup ; Vec.ElementAt ; Mat.PeekAtIm ; Float.Sqrt ; Graph.NodeCount ; Float.GetMMSELB ; Vec.PeekAtIm ; Node.Pop ; Node.GetCumDist ; Node.NumChildren ; Node.ForEachChild([Int.LT, Int.Swap]) ; Float.Sub ; Bool.And

[2026-04-13 02:54:59] Gen 7  Fit(BER=0.20312 ratio=0.788 FLOPs=12892 len=23 faults=0.00 gap=0.000 bp=0.0)
  Node.ForEachAncestor([Node.GetLocalDist]) ; Node.GetLayer ; Exec.ForEachSymbol([Int.LT, Node.GetSymIm, Vec.PeekAt]) ; Node.GetLocalDist ; Bool.Dup ; Vec.ElementAt ; Mat.PeekAtIm ; Float.Sqrt ; Graph.NodeCount ; Float.GetMMSELB ; Vec.PeekAtIm ; Node.Pop ; Node.GetCumDist ; Node.NumChildren ; Node.ForEachChild([Int.LT, Int.Swap]) ; Float.Sub ; Bool.And

[2026-04-13 02:57:16] Gen 8  Fit(BER=0.20312 ratio=0.788 FLOPs=12892 len=23 faults=0.00 gap=0.000 bp=0.0)
  Node.ForEachAncestor([Node.GetLocalDist]) ; Node.GetLayer ; Exec.ForEachSymbol([Int.LT, Node.GetSymIm, Vec.PeekAt]) ; Node.GetLocalDist ; Bool.Dup ; Vec.ElementAt ; Mat.PeekAtIm ; Float.Sqrt ; Graph.NodeCount ; Float.GetMMSELB ; Vec.PeekAtIm ; Node.Pop ; Node.GetCumDist ; Node.NumChildren ; Node.ForEachChild([Int.LT, Int.Swap]) ; Float.Sub ; Bool.And

[2026-04-13 03:00:50] Gen 9  Fit(BER=0.20312 ratio=0.788 FLOPs=12892 len=23 faults=0.00 gap=0.000 bp=0.0)
  Node.ForEachAncestor([Node.GetLocalDist]) ; Node.GetLayer ; Exec.ForEachSymbol([Int.LT, Node.GetSymIm, Vec.PeekAt]) ; Node.GetLocalDist ; Bool.Dup ; Vec.ElementAt ; Mat.PeekAtIm ; Float.Sqrt ; Graph.NodeCount ; Float.GetMMSELB ; Vec.PeekAtIm ; Node.Pop ; Node.GetCumDist ; Node.NumChildren ; Node.ForEachChild([Int.LT, Int.Swap]) ; Float.Sub ; Bool.And

[2026-04-13 03:02:46] Gen 10  Fit(BER=0.20312 ratio=0.788 FLOPs=12892 len=23 faults=0.00 gap=0.000 bp=0.0)
  Node.ForEachAncestor([Node.GetLocalDist]) ; Node.GetLayer ; Exec.ForEachSymbol([Int.LT, Node.GetSymIm, Vec.PeekAt]) ; Node.GetLocalDist ; Bool.Dup ; Vec.ElementAt ; Mat.PeekAtIm ; Float.Sqrt ; Graph.NodeCount ; Float.GetMMSELB ; Vec.PeekAtIm ; Node.Pop ; Node.GetCumDist ; Node.NumChildren ; Node.ForEachChild([Int.LT, Int.Swap]) ; Float.Sub ; Bool.And

[2026-04-13 03:06:28] Full eval
[
  {
    "snr_db": 8.0,
    "evolved_ber": 0.3225,
    "evolved_flops": 50610.62,
    "lmmse_ber": 0.31625,
    "kbest16_ber": 0.27625,
    "kbest32_ber": 0.2775
  },
  {
    "snr_db": 10.0,
    "evolved_ber": 0.2125,
    "evolved_flops": 43660.74,
    "lmmse_ber": 0.19,
    "kbest16_ber": 0.14,
    "kbest32_ber": 0.14
  },
  {
    "snr_db": 12.0,
    "evolved_ber": 0.1025,
    "evolved_flops": 34054.46,
    "lmmse_ber": 0.105,
    "kbest16_ber": 0.043125,
    "kbest32_ber": 0.043125
  },
  {
    "snr_db": 14.0,
    "evolved_ber": 0.050625,
    "evolved_flops": 23143.62,
    "lmmse_ber": 0.04,
    "kbest16_ber": 0.0125,
    "kbest32_ber": 0.0125
  },
  {
    "snr_db": 16.0,
    "evolved_ber": 0.03875,
    "evolved_flops": 18685.83,
    "lmmse_ber": 0.016875,
    "kbest16_ber": 0.00125,
    "kbest32_ber": 0.00125
  }
]
------------------------------------------------------------

[2026-04-13 03:09:02] Gen 11  Fit(BER=0.20312 ratio=0.788 FLOPs=12892 len=23 faults=0.00 gap=0.000 bp=0.0)
  Node.ForEachAncestor([Node.GetLocalDist]) ; Node.GetLayer ; Exec.ForEachSymbol([Int.LT, Node.GetSymIm, Vec.PeekAt]) ; Node.GetLocalDist ; Bool.Dup ; Vec.ElementAt ; Mat.PeekAtIm ; Float.Sqrt ; Graph.NodeCount ; Float.GetMMSELB ; Vec.PeekAtIm ; Node.Pop ; Node.GetCumDist ; Node.NumChildren ; Node.ForEachChild([Int.LT, Int.Swap]) ; Float.Sub ; Bool.And

[2026-04-13 03:11:17] Gen 12  Fit(BER=0.20312 ratio=0.788 FLOPs=12892 len=23 faults=0.00 gap=0.000 bp=0.0)
  Node.ForEachAncestor([Node.GetLocalDist]) ; Node.GetLayer ; Exec.ForEachSymbol([Int.LT, Node.GetSymIm, Vec.PeekAt]) ; Node.GetLocalDist ; Bool.Dup ; Vec.ElementAt ; Mat.PeekAtIm ; Float.Sqrt ; Graph.NodeCount ; Float.GetMMSELB ; Vec.PeekAtIm ; Node.Pop ; Node.GetCumDist ; Node.NumChildren ; Node.ForEachChild([Int.LT, Int.Swap]) ; Float.Sub ; Bool.And

[2026-04-13 03:13:44] Gen 13  Fit(BER=0.20312 ratio=0.788 FLOPs=12892 len=23 faults=0.00 gap=0.000 bp=0.0)
  Node.ForEachAncestor([Node.GetLocalDist]) ; Node.GetLayer ; Exec.ForEachSymbol([Int.LT, Node.GetSymIm, Vec.PeekAt]) ; Node.GetLocalDist ; Bool.Dup ; Vec.ElementAt ; Mat.PeekAtIm ; Float.Sqrt ; Graph.NodeCount ; Float.GetMMSELB ; Vec.PeekAtIm ; Node.Pop ; Node.GetCumDist ; Node.NumChildren ; Node.ForEachChild([Int.LT, Int.Swap]) ; Float.Sub ; Bool.And

[2026-04-13 03:15:34] Gen 14  Fit(BER=0.20312 ratio=0.788 FLOPs=12892 len=23 faults=0.00 gap=0.000 bp=0.0)
  Node.ForEachAncestor([Node.GetLocalDist]) ; Node.GetLayer ; Exec.ForEachSymbol([Int.LT, Node.GetSymIm, Vec.PeekAt]) ; Node.GetLocalDist ; Bool.Dup ; Vec.ElementAt ; Mat.PeekAtIm ; Float.Sqrt ; Graph.NodeCount ; Float.GetMMSELB ; Vec.PeekAtIm ; Node.Pop ; Node.GetCumDist ; Node.NumChildren ; Node.ForEachChild([Int.LT, Int.Swap]) ; Float.Sub ; Bool.And

[2026-04-13 03:17:07] Gen 15  Fit(BER=0.20312 ratio=0.788 FLOPs=12892 len=23 faults=0.00 gap=0.000 bp=0.0)
  Node.ForEachAncestor([Node.GetLocalDist]) ; Node.GetLayer ; Exec.ForEachSymbol([Int.LT, Node.GetSymIm, Vec.PeekAt]) ; Node.GetLocalDist ; Bool.Dup ; Vec.ElementAt ; Mat.PeekAtIm ; Float.Sqrt ; Graph.NodeCount ; Float.GetMMSELB ; Vec.PeekAtIm ; Node.Pop ; Node.GetCumDist ; Node.NumChildren ; Node.ForEachChild([Int.LT, Int.Swap]) ; Float.Sub ; Bool.And
