================================================================================
BP-Stack-Decoder GP  started 2026-04-12 20:57:09
================================================================================

[2026-04-12 20:57:09] Configuration
{
  "generations": 30,
  "population": 60,
  "train_samples": 16,
  "train_nt": 8,
  "train_nr": 16,
  "mod_order": 16,
  "train_max_nodes": 60,
  "train_flops_max": 200000,
  "bp_interval": 30,
  "bp_sweeps": 2,
  "step_max": 150,
  "bp_step_limit": 50,
  "bp_flops_limit": 5000,
  "eval_trials": 200,
  "eval_max_nodes": 300,
  "eval_flops_max": 2000000,
  "train_snrs": "8,10",
  "eval_snrs": "8,10,12,14,16",
  "seed": 1337,
  "continuous": true,
  "batch_gens": 30,
  "log_suffix": "bp8"
}
------------------------------------------------------------

[2026-04-12 20:58:58] Gen 0  Fit(BER=0.23008 ratio=0.982 FLOPs=22053 len=22 faults=0.00 gap=0.008)  (initial)
  Node.GetLayer ; Int.GetNumSymbols ; Node.ReadMem ; Mat.VecMul ; Node.GetLocalDist ; Int.FromFloat ; Bool.False ; Bool.True ; Node.MinChildScore ; Int.Add ; Float.Neg ; Exec.DoTimes([Vec.Sub, Mat.PeekAt, Vec.GetResidue]) ; Node.IsExpanded ; Exec.DoTimes([Vec.Sub, Float.Mul]) ; Float.Log ; Int.LT ; Graph.GetRoot

[2026-04-12 21:00:45] Gen 1  Fit(BER=0.23008 ratio=0.982 FLOPs=22053 len=22 faults=0.00 gap=0.008)
  Node.GetLayer ; Int.GetNumSymbols ; Node.ReadMem ; Mat.VecMul ; Node.GetLocalDist ; Int.FromFloat ; Bool.False ; Bool.True ; Node.MinChildScore ; Int.Add ; Float.Neg ; Exec.DoTimes([Vec.Sub, Mat.PeekAt, Vec.GetResidue]) ; Node.IsExpanded ; Exec.DoTimes([Vec.Sub, Float.Mul]) ; Float.Log ; Int.LT ; Graph.GetRoot

[2026-04-12 21:02:50] Gen 2  Fit(BER=0.23008 ratio=0.982 FLOPs=22053 len=22 faults=0.00 gap=0.008)
  Node.GetLayer ; Int.GetNumSymbols ; Node.ReadMem ; Mat.VecMul ; Node.GetLocalDist ; Int.FromFloat ; Bool.False ; Bool.True ; Node.MinChildScore ; Int.Add ; Float.Neg ; Exec.DoTimes([Vec.Sub, Mat.PeekAt, Vec.GetResidue]) ; Node.IsExpanded ; Exec.DoTimes([Vec.Sub, Float.Mul]) ; Float.Log ; Int.LT ; Graph.GetRoot
