================================================================================
BP-Stack-Decoder GP  started 2026-04-13 01:34:28
================================================================================

[2026-04-13 01:34:28] Configuration
{
  "generations": 30,
  "population": 100,
  "train_samples": 16,
  "train_nt": 8,
  "train_nr": 16,
  "mod_order": 16,
  "train_max_nodes": 500,
  "train_flops_max": 2000000,
  "step_max": 1500,
  "eval_trials": 200,
  "eval_max_nodes": 2000,
  "eval_flops_max": 5000000,
  "train_snrs": "10,12,14",
  "eval_snrs": "8,10,12,14,16",
  "seed": 42,
  "continuous": true,
  "batch_gens": 5,
  "log_suffix": "v3_1"
}
------------------------------------------------------------

[2026-04-13 01:36:30] Gen 0  Fit(BER=0.14766 ratio=1.890 FLOPs=19816 len=17 faults=0.00 gap=0.016)  (initial)
  Mat.PeekAt ; Exec.ForEachSymbol([IF([Node.Pop, Float.Sqrt, Int.Dec], [Int.Add, Mat.ElementAt, Node.GetParent])]) ; Float.Const1 ; Int.GT ; Node.GetSymIm ; Node.ForEachSibling([Matrix.Dup, Int.Add, Int.Pop, Float.Const1])

[2026-04-13 01:37:36] Gen 1  Fit(BER=0.11367 ratio=1.455 FLOPs=17631 len=11 faults=0.00 gap=0.008)  (NEW BEST)
  Node.ForEachChild([Node.Pop, Float.Swap]) ; Vec.PeekAtIm ; Vector.Pop ; Node.ChildAt ; Float.GetNoiseVar ; Vec.Add ; Vec.SecondPeekAt ; Node.GetLayer ; Float.Div

[2026-04-13 01:39:08] Gen 2  Fit(BER=0.09805 ratio=0.784 FLOPs=14844 len=18 faults=0.00 gap=0.008)  (NEW BEST)
  Node.ForEachChild([Float.Abs, Float.Neg]) ; Vec.SecondPeekAt ; Bool.Or ; Node.ForEachChild([Node.Pop, Float.Swap]) ; Bool.Not ; Vec.PeekAtIm ; Vector.Pop ; Node.ChildAt ; Float.GetNoiseVar ; Int.Inc ; Vec.Add ; Float.Swap ; Node.GetLayer ; Float.Div

[2026-04-13 01:40:25] Gen 3  Fit(BER=0.09805 ratio=0.784 FLOPs=14844 len=18 faults=0.00 gap=0.008)
  Node.ForEachChild([Float.Abs, Float.Neg]) ; Vec.SecondPeekAt ; Bool.Or ; Node.ForEachChild([Node.Pop, Float.Swap]) ; Bool.Not ; Vec.PeekAtIm ; Vector.Pop ; Node.ChildAt ; Float.GetNoiseVar ; Int.Inc ; Vec.Add ; Float.Swap ; Node.GetLayer ; Float.Div

[2026-04-13 01:41:33] Gen 4  Fit(BER=0.10938 ratio=0.875 FLOPs=22151 len=8 faults=0.00 gap=0.000)  (NEW BEST)
  Vec.Norm2 ; Vec.Add ; Bool.Not ; Node.GetCumDist ; Float.Pop ; Node.ForEachChild([Float.FromInt]) ; Float.Swap

[2026-04-13 01:42:46] Gen 5  Fit(BER=0.10938 ratio=0.875 FLOPs=22151 len=8 faults=0.00 gap=0.000)
  Vec.Norm2 ; Vec.Add ; Bool.Not ; Node.GetCumDist ; Float.Pop ; Node.ForEachChild([Float.FromInt]) ; Float.Swap

[2026-04-13 01:44:12] Full eval
[
  {
    "snr_db": 8.0,
    "evolved_ber": 0.308125,
    "evolved_flops": 100305.04,
    "lmmse_ber": 0.31625,
    "kbest16_ber": 0.27625,
    "kbest32_ber": 0.2775
  },
  {
    "snr_db": 10.0,
    "evolved_ber": 0.1925,
    "evolved_flops": 94490.0,
    "lmmse_ber": 0.19,
    "kbest16_ber": 0.14,
    "kbest32_ber": 0.14
  },
  {
    "snr_db": 12.0,
    "evolved_ber": 0.081875,
    "evolved_flops": 80934.32,
    "lmmse_ber": 0.105,
    "kbest16_ber": 0.043125,
    "kbest32_ber": 0.043125
  },
  {
    "snr_db": 14.0,
    "evolved_ber": 0.021875,
    "evolved_flops": 70638.64,
    "lmmse_ber": 0.04,
    "kbest16_ber": 0.0125,
    "kbest32_ber": 0.0125
  },
  {
    "snr_db": 16.0,
    "evolved_ber": 0.008125,
    "evolved_flops": 53763.12,
    "lmmse_ber": 0.016875,
    "kbest16_ber": 0.00125,
    "kbest32_ber": 0.00125
  }
]
------------------------------------------------------------

[2026-04-13 01:45:50] Gen 6  Fit(BER=0.07812 ratio=0.526 FLOPs=14475 len=17 faults=0.00 gap=0.000)  (NEW BEST)
  Vec.Len ; Mat.PeekAtIm ; Mat.PeekAt ; Node.ForEachSibling([Vec.Dot]) ; Float.Mul ; Vector.Dup ; Float.Min ; Node.Swap ; Int.Dup ; Mat.ElementAt ; Node.Swap ; Vec.Dot ; Int.Inc ; Mat.PeekAtIm ; Float.Sub ; Vec.Add

[2026-04-13 01:47:35] Gen 7  Fit(BER=0.07812 ratio=0.526 FLOPs=14475 len=17 faults=0.00 gap=0.000)
  Vec.Len ; Mat.PeekAtIm ; Mat.PeekAt ; Node.ForEachSibling([Vec.Dot]) ; Float.Mul ; Vector.Dup ; Float.Min ; Node.Swap ; Int.Dup ; Mat.ElementAt ; Node.Swap ; Vec.Dot ; Int.Inc ; Mat.PeekAtIm ; Float.Sub ; Vec.Add

[2026-04-13 01:48:49] Gen 8  Fit(BER=0.07812 ratio=0.526 FLOPs=14475 len=17 faults=0.00 gap=0.000)
  Vec.Len ; Mat.PeekAtIm ; Mat.PeekAt ; Node.ForEachSibling([Vec.Dot]) ; Float.Mul ; Vector.Dup ; Float.Min ; Node.Swap ; Int.Dup ; Mat.ElementAt ; Node.Swap ; Vec.Dot ; Int.Inc ; Mat.PeekAtIm ; Float.Sub ; Vec.Add

[2026-04-13 01:50:32] Gen 9  Fit(BER=0.06250 ratio=0.615 FLOPs=9830 len=13 faults=0.00 gap=0.000)  (NEW BEST)
  Vec.Add ; Node.GetCumDist ; Node.GetScore ; Bool.Not ; Node.GetScore ; Float.Pop ; Float.FromInt ; Float.Rot ; Node.ForEachSibling([Vec.SecondPeekAt, Int.LT, Matrix.Dup, Vec.ElementAt])

[2026-04-13 01:53:12] Gen 10  Fit(BER=0.06250 ratio=0.615 FLOPs=9830 len=13 faults=0.00 gap=0.000)
  Vec.Add ; Node.GetCumDist ; Node.GetScore ; Bool.Not ; Node.GetScore ; Float.Pop ; Float.FromInt ; Float.Rot ; Node.ForEachSibling([Vec.SecondPeekAt, Int.LT, Matrix.Dup, Vec.ElementAt])

[2026-04-13 01:54:04] Full eval
[
  {
    "snr_db": 8.0,
    "evolved_ber": 0.27625,
    "evolved_flops": 26973.76,
    "lmmse_ber": 0.31625,
    "kbest16_ber": 0.27625,
    "kbest32_ber": 0.2775
  },
  {
    "snr_db": 10.0,
    "evolved_ber": 0.1475,
    "evolved_flops": 17699.76,
    "lmmse_ber": 0.19,
    "kbest16_ber": 0.14,
    "kbest32_ber": 0.14
  },
  {
    "snr_db": 12.0,
    "evolved_ber": 0.049375,
    "evolved_flops": 11278.24,
    "lmmse_ber": 0.105,
    "kbest16_ber": 0.043125,
    "kbest32_ber": 0.043125
  },
  {
    "snr_db": 14.0,
    "evolved_ber": 0.009375,
    "evolved_flops": 9100.16,
    "lmmse_ber": 0.04,
    "kbest16_ber": 0.0125,
    "kbest32_ber": 0.0125
  },
  {
    "snr_db": 16.0,
    "evolved_ber": 0.00375,
    "evolved_flops": 8750.4,
    "lmmse_ber": 0.016875,
    "kbest16_ber": 0.00125,
    "kbest32_ber": 0.00125
  }
]
------------------------------------------------------------

[2026-04-13 01:55:50] Gen 11  Fit(BER=0.06250 ratio=0.615 FLOPs=9830 len=13 faults=0.00 gap=0.000)
  Vec.Add ; Node.GetCumDist ; Node.GetScore ; Bool.Not ; Node.GetScore ; Float.Pop ; Float.FromInt ; Float.Rot ; Node.ForEachSibling([Vec.SecondPeekAt, Int.LT, Matrix.Dup, Vec.ElementAt])

[2026-04-13 01:57:27] Gen 12  Fit(BER=0.06250 ratio=0.615 FLOPs=9830 len=13 faults=0.00 gap=0.000)
  Vec.Add ; Node.GetCumDist ; Node.GetScore ; Bool.Not ; Node.GetScore ; Float.Pop ; Float.FromInt ; Float.Rot ; Node.ForEachSibling([Vec.SecondPeekAt, Int.LT, Matrix.Dup, Vec.ElementAt])

[2026-04-13 01:58:33] Gen 13  Fit(BER=0.06250 ratio=0.615 FLOPs=9830 len=13 faults=0.00 gap=0.000)
  Vec.Add ; Node.GetCumDist ; Node.GetScore ; Bool.Not ; Node.GetScore ; Float.Pop ; Float.FromInt ; Float.Rot ; Node.ForEachSibling([Vec.SecondPeekAt, Int.LT, Matrix.Dup, Vec.ElementAt])

[2026-04-13 02:00:10] Gen 14  Fit(BER=0.06250 ratio=0.615 FLOPs=9830 len=13 faults=0.00 gap=0.000)
  Vec.Add ; Node.GetCumDist ; Node.GetScore ; Bool.Not ; Node.GetScore ; Float.Pop ; Float.FromInt ; Float.Rot ; Node.ForEachSibling([Vec.SecondPeekAt, Int.LT, Matrix.Dup, Vec.ElementAt])

[2026-04-13 02:02:41] Gen 15  Fit(BER=0.06250 ratio=0.615 FLOPs=9830 len=13 faults=0.00 gap=0.000)
  Vec.Add ; Node.GetCumDist ; Node.GetScore ; Bool.Not ; Node.GetScore ; Float.Pop ; Float.FromInt ; Float.Rot ; Node.ForEachSibling([Vec.SecondPeekAt, Int.LT, Matrix.Dup, Vec.ElementAt])

[2026-04-13 02:03:31] Full eval
[
  {
    "snr_db": 8.0,
    "evolved_ber": 0.27625,
    "evolved_flops": 26973.76,
    "lmmse_ber": 0.31625,
    "kbest16_ber": 0.27625,
    "kbest32_ber": 0.2775
  },
  {
    "snr_db": 10.0,
    "evolved_ber": 0.1475,
    "evolved_flops": 17699.76,
    "lmmse_ber": 0.19,
    "kbest16_ber": 0.14,
    "kbest32_ber": 0.14
  },
  {
    "snr_db": 12.0,
    "evolved_ber": 0.049375,
    "evolved_flops": 11278.24,
    "lmmse_ber": 0.105,
    "kbest16_ber": 0.043125,
    "kbest32_ber": 0.043125
  },
  {
    "snr_db": 14.0,
    "evolved_ber": 0.009375,
    "evolved_flops": 9100.16,
    "lmmse_ber": 0.04,
    "kbest16_ber": 0.0125,
    "kbest32_ber": 0.0125
  },
  {
    "snr_db": 16.0,
    "evolved_ber": 0.00375,
    "evolved_flops": 8750.4,
    "lmmse_ber": 0.016875,
    "kbest16_ber": 0.00125,
    "kbest32_ber": 0.00125
  }
]
------------------------------------------------------------

[2026-04-13 02:05:33] Gen 16  Fit(BER=0.06250 ratio=0.615 FLOPs=9830 len=13 faults=0.00 gap=0.000)
  Vec.Add ; Node.GetCumDist ; Node.GetScore ; Bool.Not ; Node.GetScore ; Float.Pop ; Float.FromInt ; Float.Rot ; Node.ForEachSibling([Vec.SecondPeekAt, Int.LT, Matrix.Dup, Vec.ElementAt])

[2026-04-13 02:07:09] Gen 17  Fit(BER=0.06250 ratio=0.615 FLOPs=9830 len=13 faults=0.00 gap=0.000)
  Vec.Add ; Node.GetCumDist ; Node.GetScore ; Bool.Not ; Node.GetScore ; Float.Pop ; Float.FromInt ; Float.Rot ; Node.ForEachSibling([Vec.SecondPeekAt, Int.LT, Matrix.Dup, Vec.ElementAt])

[2026-04-13 02:09:12] Gen 18  Fit(BER=0.06250 ratio=0.615 FLOPs=9830 len=13 faults=0.00 gap=0.000)
  Vec.Add ; Node.GetCumDist ; Node.GetScore ; Bool.Not ; Node.GetScore ; Float.Pop ; Float.FromInt ; Float.Rot ; Node.ForEachSibling([Vec.SecondPeekAt, Int.LT, Matrix.Dup, Vec.ElementAt])

[2026-04-13 02:10:48] Gen 19  Fit(BER=0.06250 ratio=0.615 FLOPs=9830 len=13 faults=0.00 gap=0.000)
  Vec.Add ; Node.GetCumDist ; Node.GetScore ; Bool.Not ; Node.GetScore ; Float.Pop ; Float.FromInt ; Float.Rot ; Node.ForEachSibling([Vec.SecondPeekAt, Int.LT, Matrix.Dup, Vec.ElementAt])

[2026-04-13 02:13:04] Gen 20  Fit(BER=0.06250 ratio=0.615 FLOPs=9830 len=13 faults=0.00 gap=0.000)
  Vec.Add ; Node.GetCumDist ; Node.GetScore ; Bool.Not ; Node.GetScore ; Float.Pop ; Float.FromInt ; Float.Rot ; Node.ForEachSibling([Vec.SecondPeekAt, Int.LT, Matrix.Dup, Vec.ElementAt])

[2026-04-13 02:14:05] Full eval
[
  {
    "snr_db": 8.0,
    "evolved_ber": 0.27625,
    "evolved_flops": 26973.76,
    "lmmse_ber": 0.31625,
    "kbest16_ber": 0.27625,
    "kbest32_ber": 0.2775
  },
  {
    "snr_db": 10.0,
    "evolved_ber": 0.1475,
    "evolved_flops": 17699.76,
    "lmmse_ber": 0.19,
    "kbest16_ber": 0.14,
    "kbest32_ber": 0.14
  },
  {
    "snr_db": 12.0,
    "evolved_ber": 0.049375,
    "evolved_flops": 11278.24,
    "lmmse_ber": 0.105,
    "kbest16_ber": 0.043125,
    "kbest32_ber": 0.043125
  },
  {
    "snr_db": 14.0,
    "evolved_ber": 0.009375,
    "evolved_flops": 9100.16,
    "lmmse_ber": 0.04,
    "kbest16_ber": 0.0125,
    "kbest32_ber": 0.0125
  },
  {
    "snr_db": 16.0,
    "evolved_ber": 0.00375,
    "evolved_flops": 8750.4,
    "lmmse_ber": 0.016875,
    "kbest16_ber": 0.00125,
    "kbest32_ber": 0.00125
  }
]
------------------------------------------------------------

[2026-04-13 02:15:23] Gen 21  Fit(BER=0.06250 ratio=0.615 FLOPs=9830 len=13 faults=0.00 gap=0.000)
  Vec.Add ; Node.GetCumDist ; Node.GetScore ; Bool.Not ; Node.GetScore ; Float.Pop ; Float.FromInt ; Float.Rot ; Node.ForEachSibling([Vec.SecondPeekAt, Int.LT, Matrix.Dup, Vec.ElementAt])

[2026-04-13 02:17:08] Gen 22  Fit(BER=0.06250 ratio=0.615 FLOPs=9830 len=13 faults=0.00 gap=0.000)
  Vec.Add ; Node.GetCumDist ; Node.GetScore ; Bool.Not ; Node.GetScore ; Float.Pop ; Float.FromInt ; Float.Rot ; Node.ForEachSibling([Vec.SecondPeekAt, Int.LT, Matrix.Dup, Vec.ElementAt])

[2026-04-13 02:19:18] Gen 23  Fit(BER=0.06250 ratio=0.615 FLOPs=9830 len=13 faults=0.00 gap=0.000)
  Vec.Add ; Node.GetCumDist ; Node.GetScore ; Bool.Not ; Node.GetScore ; Float.Pop ; Float.FromInt ; Float.Rot ; Node.ForEachSibling([Vec.SecondPeekAt, Int.LT, Matrix.Dup, Vec.ElementAt])

[2026-04-13 02:21:49] Gen 24  Fit(BER=0.06250 ratio=0.615 FLOPs=9830 len=13 faults=0.00 gap=0.000)
  Vec.Add ; Node.GetCumDist ; Node.GetScore ; Bool.Not ; Node.GetScore ; Float.Pop ; Float.FromInt ; Float.Rot ; Node.ForEachSibling([Vec.SecondPeekAt, Int.LT, Matrix.Dup, Vec.ElementAt])

[2026-04-13 02:22:59] Gen 25  Fit(BER=0.06250 ratio=0.615 FLOPs=9830 len=13 faults=0.00 gap=0.000)
  Vec.Add ; Node.GetCumDist ; Node.GetScore ; Bool.Not ; Node.GetScore ; Float.Pop ; Float.FromInt ; Float.Rot ; Node.ForEachSibling([Vec.SecondPeekAt, Int.LT, Matrix.Dup, Vec.ElementAt])

[2026-04-13 02:23:50] Full eval
[
  {
    "snr_db": 8.0,
    "evolved_ber": 0.27625,
    "evolved_flops": 26973.76,
    "lmmse_ber": 0.31625,
    "kbest16_ber": 0.27625,
    "kbest32_ber": 0.2775
  },
  {
    "snr_db": 10.0,
    "evolved_ber": 0.1475,
    "evolved_flops": 17699.76,
    "lmmse_ber": 0.19,
    "kbest16_ber": 0.14,
    "kbest32_ber": 0.14
  },
  {
    "snr_db": 12.0,
    "evolved_ber": 0.049375,
    "evolved_flops": 11278.24,
    "lmmse_ber": 0.105,
    "kbest16_ber": 0.043125,
    "kbest32_ber": 0.043125
  },
  {
    "snr_db": 14.0,
    "evolved_ber": 0.009375,
    "evolved_flops": 9100.16,
    "lmmse_ber": 0.04,
    "kbest16_ber": 0.0125,
    "kbest32_ber": 0.0125
  },
  {
    "snr_db": 16.0,
    "evolved_ber": 0.00375,
    "evolved_flops": 8750.4,
    "lmmse_ber": 0.016875,
    "kbest16_ber": 0.00125,
    "kbest32_ber": 0.00125
  }
]
------------------------------------------------------------

[2026-04-13 02:25:43] Gen 26  Fit(BER=0.06250 ratio=0.615 FLOPs=9830 len=13 faults=0.00 gap=0.000)
  Vec.Add ; Node.GetCumDist ; Node.GetScore ; Bool.Not ; Node.GetScore ; Float.Pop ; Float.FromInt ; Float.Rot ; Node.ForEachSibling([Vec.SecondPeekAt, Int.LT, Matrix.Dup, Vec.ElementAt])

[2026-04-13 02:28:05] Gen 27  Fit(BER=0.06250 ratio=0.615 FLOPs=9830 len=13 faults=0.00 gap=0.000)
  Vec.Add ; Node.GetCumDist ; Node.GetScore ; Bool.Not ; Node.GetScore ; Float.Pop ; Float.FromInt ; Float.Rot ; Node.ForEachSibling([Vec.SecondPeekAt, Int.LT, Matrix.Dup, Vec.ElementAt])

[2026-04-13 02:29:57] Gen 28  Fit(BER=0.06250 ratio=0.615 FLOPs=9830 len=13 faults=0.00 gap=0.000)
  Vec.Add ; Node.GetCumDist ; Node.GetScore ; Bool.Not ; Node.GetScore ; Float.Pop ; Float.FromInt ; Float.Rot ; Node.ForEachSibling([Vec.SecondPeekAt, Int.LT, Matrix.Dup, Vec.ElementAt])

[2026-04-13 02:31:40] Gen 29  Fit(BER=0.04688 ratio=0.500 FLOPs=10870 len=6 faults=0.00 gap=0.000)  (NEW BEST)
  Vector.Pop ; Int.Dup ; Vec.PeekAtIm ; Node.WriteMem ; Node.GetLocalDist ; Float.GetMMSELB

[2026-04-13 02:32:56] Gen 30  Fit(BER=0.04688 ratio=0.500 FLOPs=10870 len=6 faults=0.00 gap=0.000)
  Vector.Pop ; Int.Dup ; Vec.PeekAtIm ; Node.WriteMem ; Node.GetLocalDist ; Float.GetMMSELB

[2026-04-13 02:33:27] Full eval
[
  {
    "snr_db": 8.0,
    "evolved_ber": 0.2825,
    "evolved_flops": 33804.56,
    "lmmse_ber": 0.31625,
    "kbest16_ber": 0.27625,
    "kbest32_ber": 0.2775
  },
  {
    "snr_db": 10.0,
    "evolved_ber": 0.145,
    "evolved_flops": 24456.4,
    "lmmse_ber": 0.19,
    "kbest16_ber": 0.14,
    "kbest32_ber": 0.14
  },
  {
    "snr_db": 12.0,
    "evolved_ber": 0.045625,
    "evolved_flops": 14147.44,
    "lmmse_ber": 0.105,
    "kbest16_ber": 0.043125,
    "kbest32_ber": 0.043125
  },
  {
    "snr_db": 14.0,
    "evolved_ber": 0.011875,
    "evolved_flops": 9959.36,
    "lmmse_ber": 0.04,
    "kbest16_ber": 0.0125,
    "kbest32_ber": 0.0125
  },
  {
    "snr_db": 16.0,
    "evolved_ber": 0.001875,
    "evolved_flops": 8824.16,
    "lmmse_ber": 0.016875,
    "kbest16_ber": 0.00125,
    "kbest32_ber": 0.00125
  }
]
------------------------------------------------------------

[2026-04-13 02:34:26] Gen 31  Fit(BER=0.04688 ratio=0.500 FLOPs=10870 len=6 faults=0.00 gap=0.000)
  Vector.Pop ; Int.Dup ; Vec.PeekAtIm ; Node.WriteMem ; Node.GetLocalDist ; Float.GetMMSELB

[2026-04-13 02:36:00] Gen 32  Fit(BER=0.04688 ratio=0.500 FLOPs=10870 len=6 faults=0.00 gap=0.000)
  Vector.Pop ; Int.Dup ; Vec.PeekAtIm ; Node.WriteMem ; Node.GetLocalDist ; Float.GetMMSELB

[2026-04-13 02:37:21] Gen 33  Fit(BER=0.04688 ratio=0.500 FLOPs=10870 len=6 faults=0.00 gap=0.000)
  Vector.Pop ; Int.Dup ; Vec.PeekAtIm ; Node.WriteMem ; Node.GetLocalDist ; Float.GetMMSELB

[2026-04-13 02:38:58] Gen 34  Fit(BER=0.04688 ratio=0.500 FLOPs=10870 len=6 faults=0.00 gap=0.000)
  Vector.Pop ; Int.Dup ; Vec.PeekAtIm ; Node.WriteMem ; Node.GetLocalDist ; Float.GetMMSELB

[2026-04-13 02:40:25] Gen 35  Fit(BER=0.04688 ratio=0.500 FLOPs=10870 len=6 faults=0.00 gap=0.000)
  Vector.Pop ; Int.Dup ; Vec.PeekAtIm ; Node.WriteMem ; Node.GetLocalDist ; Float.GetMMSELB

[2026-04-13 02:41:10] Full eval
[
  {
    "snr_db": 8.0,
    "evolved_ber": 0.2825,
    "evolved_flops": 33804.56,
    "lmmse_ber": 0.31625,
    "kbest16_ber": 0.27625,
    "kbest32_ber": 0.2775
  },
  {
    "snr_db": 10.0,
    "evolved_ber": 0.145,
    "evolved_flops": 24456.4,
    "lmmse_ber": 0.19,
    "kbest16_ber": 0.14,
    "kbest32_ber": 0.14
  },
  {
    "snr_db": 12.0,
    "evolved_ber": 0.045625,
    "evolved_flops": 14147.44,
    "lmmse_ber": 0.105,
    "kbest16_ber": 0.043125,
    "kbest32_ber": 0.043125
  },
  {
    "snr_db": 14.0,
    "evolved_ber": 0.011875,
    "evolved_flops": 9959.36,
    "lmmse_ber": 0.04,
    "kbest16_ber": 0.0125,
    "kbest32_ber": 0.0125
  },
  {
    "snr_db": 16.0,
    "evolved_ber": 0.001875,
    "evolved_flops": 8824.16,
    "lmmse_ber": 0.016875,
    "kbest16_ber": 0.00125,
    "kbest32_ber": 0.00125
  }
]
------------------------------------------------------------
