================================================================================
BP-Stack-Decoder GP  started 2026-04-13 02:18:15
================================================================================

[2026-04-13 02:18:15] Configuration
{
  "generations": 30,
  "population": 150,
  "train_samples": 32,
  "train_nt": 8,
  "train_nr": 16,
  "mod_order": 16,
  "train_max_nodes": 500,
  "train_flops_max": 4000000,
  "step_max": 3000,
  "eval_trials": 200,
  "eval_max_nodes": 2000,
  "eval_flops_max": 5000000,
  "train_snrs": "8,10,12",
  "eval_snrs": "8,10,12,14,16",
  "seed": 42,
  "continuous": true,
  "batch_gens": 5,
  "log_suffix": "v4_1"
}
------------------------------------------------------------

[2026-04-13 02:31:28] Gen 0  Fit(BER=0.19316 ratio=1.009 FLOPs=17956 len=4 faults=0.00 gap=0.004 bp=0.0)  (initial)
  Int.GetNumSymbols ; Float.GetMMSELB ; Bool.Not ; Vec.ElementAt
================================================================================
BP-Stack-Decoder GP  started 2026-04-13 02:38:51
================================================================================

[2026-04-13 02:38:51] Configuration
{
  "generations": 30,
  "population": 150,
  "train_samples": 32,
  "train_nt": 8,
  "train_nr": 16,
  "mod_order": 16,
  "train_max_nodes": 500,
  "train_flops_max": 4000000,
  "step_max": 3000,
  "eval_trials": 200,
  "eval_max_nodes": 2000,
  "eval_flops_max": 5000000,
  "train_snrs": "8,10,12",
  "eval_snrs": "8,10,12,14,16",
  "seed": 42,
  "continuous": true,
  "batch_gens": 5,
  "log_suffix": "v4_1"
}
------------------------------------------------------------
