================================================================================
BP-Stack-Decoder GP  started 2026-04-13 02:46:27
================================================================================

[2026-04-13 02:46:27] Configuration
{
  "generations": 30,
  "population": 120,
  "train_samples": 32,
  "train_nt": 8,
  "train_nr": 16,
  "mod_order": 16,
  "train_max_nodes": 200,
  "train_flops_max": 3000000,
  "step_max": 2000,
  "eval_trials": 200,
  "eval_max_nodes": 2000,
  "eval_flops_max": 5000000,
  "train_snrs": "8,10,12",
  "eval_snrs": "8,10,12,14,16",
  "seed": 42,
  "continuous": true,
  "batch_gens": 5,
  "log_suffix": "v4_4"
}
------------------------------------------------------------

[2026-04-13 02:50:08] Gen 0  Fit(BER=0.19883 ratio=1.039 FLOPs=14399 len=12 faults=0.00 gap=0.008 bp=19.4)  (initial)
  Node.Swap ; Float.Rot ; Float.Sub ; Int.FromFloat ; Mat.PeekAtIm ; Node.GetParent ; Node.GetParent ; Node.ForEachSibling([Vec.Norm2, Node.SetScore]) ; Matrix.Dup ; Bool.And

[2026-04-13 02:53:19] Gen 1  Fit(BER=0.19883 ratio=1.039 FLOPs=14399 len=12 faults=0.00 gap=0.008 bp=19.4)
  Node.Swap ; Float.Rot ; Float.Sub ; Int.FromFloat ; Mat.PeekAtIm ; Node.GetParent ; Node.GetParent ; Node.ForEachSibling([Vec.Norm2, Node.SetScore]) ; Matrix.Dup ; Bool.And

[2026-04-13 02:56:21] Gen 2  Fit(BER=0.19883 ratio=1.039 FLOPs=14399 len=12 faults=0.00 gap=0.008 bp=19.4)
  Node.Swap ; Float.Rot ; Float.Sub ; Int.FromFloat ; Mat.PeekAtIm ; Node.GetParent ; Node.GetParent ; Node.ForEachSibling([Vec.Norm2, Node.SetScore]) ; Matrix.Dup ; Bool.And

[2026-04-13 03:00:12] Gen 3  Fit(BER=0.19316 ratio=1.009 FLOPs=12528 len=43 faults=0.00 gap=0.004 bp=15.8)  (NEW BEST)
  Exec.DoTimes([Vec.Len, Int.Const1]) ; Exec.While([Mat.Row, Node.GetSymRe, Float.GT]) ; Vec.Dot ; Vec.Add ; Vec.Norm2 ; Float.Log ; Node.GetParent ; Int.Const1 ; Vector.Pop ; Float.GetNoiseVar ; Node.IsExpanded ; Vec.Dot ; Float.ConstNeg1 ; Float.Add ; Int.FromFloat ; Int.Dec ; Vec.GetResidue ; Float.Const1 ; Vec.Norm2 ; Matrix.Dup ; Vec.Scale ; IF([Int.Pop, Node.ForEachChild([Float.Const1, Float.ConstHalf, Vec.Add])], [Exec.DoTimes([Int.Const0])]) ; Exec.MinOverSymbols([Matrix.Pop]) ; Int.Add ; Node.GetParent ; Mat.ElementAt ; Vec.Dot ; Node.SetScore ; Float.Neg ; Float.Mul

[2026-04-13 03:02:58] Gen 4  Fit(BER=0.19316 ratio=1.009 FLOPs=12528 len=43 faults=0.00 gap=0.004 bp=15.8)
  Exec.DoTimes([Vec.Len, Int.Const1]) ; Exec.While([Mat.Row, Node.GetSymRe, Float.GT]) ; Vec.Dot ; Vec.Add ; Vec.Norm2 ; Float.Log ; Node.GetParent ; Int.Const1 ; Vector.Pop ; Float.GetNoiseVar ; Node.IsExpanded ; Vec.Dot ; Float.ConstNeg1 ; Float.Add ; Int.FromFloat ; Int.Dec ; Vec.GetResidue ; Float.Const1 ; Vec.Norm2 ; Matrix.Dup ; Vec.Scale ; IF([Int.Pop, Node.ForEachChild([Float.Const1, Float.ConstHalf, Vec.Add])], [Exec.DoTimes([Int.Const0])]) ; Exec.MinOverSymbols([Matrix.Pop]) ; Int.Add ; Node.GetParent ; Mat.ElementAt ; Vec.Dot ; Node.SetScore ; Float.Neg ; Float.Mul

[2026-04-13 03:06:48] Gen 5  Fit(BER=0.19316 ratio=1.009 FLOPs=12528 len=43 faults=0.00 gap=0.004 bp=15.8)
  Exec.DoTimes([Vec.Len, Int.Const1]) ; Exec.While([Mat.Row, Node.GetSymRe, Float.GT]) ; Vec.Dot ; Vec.Add ; Vec.Norm2 ; Float.Log ; Node.GetParent ; Int.Const1 ; Vector.Pop ; Float.GetNoiseVar ; Node.IsExpanded ; Vec.Dot ; Float.ConstNeg1 ; Float.Add ; Int.FromFloat ; Int.Dec ; Vec.GetResidue ; Float.Const1 ; Vec.Norm2 ; Matrix.Dup ; Vec.Scale ; IF([Int.Pop, Node.ForEachChild([Float.Const1, Float.ConstHalf, Vec.Add])], [Exec.DoTimes([Int.Const0])]) ; Exec.MinOverSymbols([Matrix.Pop]) ; Int.Add ; Node.GetParent ; Mat.ElementAt ; Vec.Dot ; Node.SetScore ; Float.Neg ; Float.Mul

[2026-04-13 03:11:37] Full eval
[
  {
    "snr_db": 8.0,
    "evolved_ber": 0.291875,
    "evolved_flops": 63252.64,
    "lmmse_ber": 0.31625,
    "kbest16_ber": 0.27625,
    "kbest32_ber": 0.2775
  },
  {
    "snr_db": 10.0,
    "evolved_ber": 0.17875,
    "evolved_flops": 57960.02,
    "lmmse_ber": 0.19,
    "kbest16_ber": 0.14,
    "kbest32_ber": 0.14
  },
  {
    "snr_db": 12.0,
    "evolved_ber": 0.0725,
    "evolved_flops": 38915.17,
    "lmmse_ber": 0.105,
    "kbest16_ber": 0.043125,
    "kbest32_ber": 0.043125
  },
  {
    "snr_db": 14.0,
    "evolved_ber": 0.01625,
    "evolved_flops": 28353.13,
    "lmmse_ber": 0.04,
    "kbest16_ber": 0.0125,
    "kbest32_ber": 0.0125
  },
  {
    "snr_db": 16.0,
    "evolved_ber": 0.008125,
    "evolved_flops": 23557.57,
    "lmmse_ber": 0.016875,
    "kbest16_ber": 0.00125,
    "kbest32_ber": 0.00125
  }
]
------------------------------------------------------------

[2026-04-13 03:16:20] Gen 6  Fit(BER=0.20312 ratio=0.963 FLOPs=13075 len=22 faults=0.00 gap=0.000 bp=242.5)  (NEW BEST)
  Int.GetNumSymbols ; Node.GetSymRe ; Node.ForEachChild([Node.ReadMem, Mat.VecMul]) ; Mat.ElementAt ; Bool.True ; Node.Dup ; Float.Exp ; Node.GetParent ; Vector.Dup ; Mat.PeekAtIm ; Node.ForEachSibling([Node.GetLocalDist, Node.SetScore]) ; Node.GetParent ; Vec.PeekAt ; Vec.PeekAtIm ; Node.WriteMem ; Node.GetLocalDist ; Node.IsExpanded ; Int.Pop
