================================================================================
Structured-BP GP  started 2026-04-13 17:02:18
================================================================================

[2026-04-13 17:02:18] Configuration
{
  "generations": 3,
  "population": 20,
  "train_samples": 4,
  "train_nt": 8,
  "train_nr": 16,
  "mod_order": 16,
  "train_max_nodes": 100,
  "train_flops_max": 1000000,
  "step_max": 1000,
  "eval_trials": 20,
  "eval_max_nodes": 1500,
  "eval_flops_max": 5000000,
  "train_snrs": "12",
  "eval_snrs": "10,12,14",
  "seed": 42,
  "continuous": false,
  "batch_gens": 5,
  "log_suffix": "sbp1"
}
------------------------------------------------------------

[2026-04-13 17:02:19] Gen 0  Fit(BER=0.05469 ratio=0.875 FLOPs=10885 len=4 faults=0.00 gap=0.052 bp=17.3 nlbp=0.0 bpg=0.000)  (initial)
  DOWN:[Float.Add] | UP:[Float.Min] | BEL:[Node.GetCumDist] | HALT:[Bool.False]

[2026-04-13 17:02:19] Gen 1  Fit(BER=0.05469 ratio=0.875 FLOPs=10885 len=4 faults=0.00 gap=0.052 bp=17.3 nlbp=0.0 bpg=0.000)
  DOWN:[Float.Add] | UP:[Float.Min] | BEL:[Node.GetCumDist] | HALT:[Bool.False]

[2026-04-13 17:02:20] Gen 2  Fit(BER=0.05469 ratio=0.875 FLOPs=10885 len=4 faults=0.00 gap=0.052 bp=17.3 nlbp=0.0 bpg=0.000)
  DOWN:[Float.Add] | UP:[Float.Min] | BEL:[Node.GetCumDist] | HALT:[Bool.False]

[2026-04-13 17:02:20] Gen 3  Fit(BER=0.05469 ratio=0.875 FLOPs=10885 len=4 faults=0.00 gap=0.052 bp=17.3 nlbp=0.0 bpg=0.000)
  DOWN:[Float.Add] | UP:[Float.Min] | BEL:[Node.GetCumDist] | HALT:[Bool.False]
================================================================================
Structured-BP GP  started 2026-04-13 18:48:46
================================================================================

[2026-04-13 18:48:46] Configuration
{
  "generations": 30,
  "population": 100,
  "train_samples": 100,
  "train_nt": 16,
  "train_nr": 32,
  "mod_order": 16,
  "train_max_nodes": 1000,
  "train_flops_max": 3000000,
  "step_max": 2000,
  "eval_trials": 200,
  "eval_max_nodes": 1500,
  "eval_flops_max": 5000000,
  "eval_nt": null,
  "eval_nr": null,
  "eval_step_max": 8000,
  "train_snrs": "10,12,14",
  "eval_snrs": "8,10,12,14,16",
  "seed": 42,
  "continuous": false,
  "batch_gens": 5,
  "log_suffix": "sbp1"
}
------------------------------------------------------------
