================================================================================
Structured-BP GP  started 2026-04-15 02:50:02
================================================================================

[2026-04-15 02:50:02] Configuration
{
  "generations": 200,
  "population": 60,
  "train_samples": 100,
  "train_nt": 16,
  "train_nr": 16,
  "mod_order": 16,
  "train_max_nodes": 500,
  "train_flops_max": 3000000,
  "step_max": 2000,
  "eval_trials": 1000,
  "eval_max_nodes": 2000,
  "eval_flops_max": 5000000,
  "eval_nt": 16,
  "eval_nr": 16,
  "eval_step_max": 8000,
  "train_snrs": "22",
  "eval_snrs": "20,22,24",
  "seed": 42,
  "continuous": true,
  "use_cpp": true,
  "batch_gens": 10,
  "log_suffix": "run0415_v2",
  "seed_genome_json": "seed_v3_best.json"
}
------------------------------------------------------------

[2026-04-15 02:50:07] Baseline evaluation (experiment start)
[
  {
    "snr_db": 20.0,
    "lmmse_ber": 0.2259375,
    "lmmse_bit_errors": 3615,
    "kbest16_ber": 0.0336875,
    "kbest16_bit_errors": 539,
    "kbest32_ber": 0.0153125,
    "kbest32_bit_errors": 245,
    "samples": 1000
  },
  {
    "snr_db": 22.0,
    "lmmse_ber": 0.16171348314606743,
    "lmmse_bit_errors": 11514,
    "kbest16_ber": 0.007317415730337079,
    "kbest16_bit_errors": 521,
    "kbest32_ber": 0.0014185393258426967,
    "kbest32_bit_errors": 101,
    "samples": 4450
  },
  {
    "snr_db": 24.0,
    "lmmse_ber": 0.11315,
    "lmmse_bit_errors": 18104,
    "kbest16_ber": 0.0011125,
    "kbest16_bit_errors": 178,
    "kbest32_ber": 0.0003125,
    "kbest32_bit_errors": 50,
    "samples": 10000
  }
]
------------------------------------------------------------

[2026-04-15 02:50:07] Seed genome loaded
{
  "prog_down": [
    "Node.GetCumDist",
    "Float.Tanh",
    "Float.Rot",
    "Float.Max"
  ],
  "prog_up": [
    "Float.Swap",
    "Node.GetCumDist",
    {
      "name": "Node.ForEachChild",
      "body": [
        "Node.GetMUp"
      ]
    },
    "Float.Sqrt",
    "Float.Abs"
  ],
  "prog_belief": [
    "Float.EvoConst3",
    "Float.Sub",
    "Float.Div",
    "Float.Div"
  ],
  "prog_halt": [
    "Float.ConstHalf",
    "Float.Abs",
    "Float.GT"
  ],
  "log_constants": [
    -1.7786,
    0.7728,
    1.1035,
    -0.0764
  ]
}
------------------------------------------------------------

[2026-04-15 02:51:15] Gen 0  Fit(BER=0.07178 ratio=0.406 FLOPs=67250 len=17 faults=0.00 gap=0.067 bp=4664.9 nlbp=0.0 bpg=0.000)  (initial)
  DOWN:[Node.GetCumDist ; Float.Tanh ; Float.Rot ; Float.Max] | UP:[Float.Swap ; Node.GetCumDist ; Node.ForEachChild([Node.GetMUp]) ; Float.Sqrt ; Float.Abs] | BEL:[Float.EvoConst3 ; Float.Sub ; Float.Div ; Float.Div] | HALT:[Float.ConstHalf ; Float.Abs ; Float.GT] | LOGC:[-1.7786,0.7728,1.1035,-0.0764]

[2026-04-15 02:52:53] Gen 1  Fit(BER=0.05488 ratio=0.310 FLOPs=141815 len=15 faults=0.00 gap=0.022 bp=14848.1 nlbp=0.0 bpg=0.000)  (NEW BEST)
  DOWN:[Float.Tanh ; Float.Rot ; Float.Max] | UP:[Float.Swap ; Node.GetCumDist ; Node.ForEachChild([Node.GetMUp]) ; Float.Sqrt ; Float.Abs] | BEL:[Float.EvoConst3 ; Float.Sub ; Float.Div ; Float.Div] | HALT:[Float.Abs ; Float.GT] | LOGC:[-1.9265,-0.7784,-0.4502,-0.4021]
  [Diversity] unique=60/60  stagnant_gens=0
  Top-10 individuals (Gen 1):
    # 1  score=0.06177  BER=0.05488  faults=0.00  len=15
          F_down  = max(M_parent_down, tanh(C_i))  [deps: M_parent_down,C_i; val=0.5000]
          F_up    = |sqrt(Sum_children(M_up))|  [deps: all_M_up(16/16); val=3.1623]
          F_belief= (D_i / (M_down / (M_up - EC3)))  [deps: D_i,M_down,M_up; val=-0.3270]
          H_halt  = (old_M_up > |new_M_up|)  [varies: NO (always False)]
          [EC]  EC0=0.011845 EC1=0.166585 EC2=0.354687 EC3=0.396172
          [F_down ]:  (3 instrs)
            return max(M_par_down, tanh(C_i))
          [F_up   ]:  (5 instrs)
            acc1 = 0.0
            for child_j in node.children:  # ForEachChild → Σ body(child_j)
              acc1 += M_up
            return abs(sqrt(acc1))
          [F_belief]:  (4 instrs)
            return (D_i / (M_dn / (M_up - EC3)))
          [H_halt ]:  (2 instrs)
            return (old_Mup > abs(new_Mup))  # bool
    # 2  score=0.06433  BER=0.05525  faults=0.00  len=14
          F_down  = max(M_parent_down, C_i)  [deps: M_parent_down,C_i; val=0.5000]
          F_up    = |sqrt(Sum_children(M_up))|  [deps: all_M_up(16/16); val=3.1623]
          F_belief= (D_i / (M_down / (M_up - EC3)))  [deps: D_i,M_down,M_up; val=-0.2703]
          H_halt  = EC0  [varies: NO (always False)]
    # 3  score=0.07919  BER=0.06219  faults=0.00  len=14
          F_down  = max(tanh(D_i), M_parent_down)  [deps: M_parent_down; val=0.5000]
          F_up    = Sum_children(M_up)  [deps: all_M_up(16/16); val=10.0000]
          F_belief= (D_i / (M_down / (M_up - EC3)))  [deps: D_i,M_down,M_up; val=-1.6276]
          H_halt  = 0.5  [varies: NO (always False)]
    # 4  score=0.08075  BER=0.06456  faults=0.00  len=17
          F_down  = max(tanh(D_i), M_parent_down)  [deps: M_parent_down; val=0.5000]
          F_up    = |sqrt(Sum_children(M_up))|  [deps: all_M_up(16/16); val=3.1623]
          F_belief= (D_i / (M_down / (M_up - EC3)))  [deps: D_i,M_down,M_up; val=-1.1659]
          H_halt  = (|new_M_up| > 0.5)  [varies: YES]
    # 5  score=0.09039  BER=0.07344  faults=0.00  len=18
          F_down  = max(tanh(D_i), M_parent_down)  [deps: M_parent_down; val=0.5000]
          F_up    = |sqrt(Sum_children(M_up))|  [deps: all_M_up(16/16); val=3.1623]
          F_belief= (D_i / (M_down / (M_up - EC3)))  [deps: D_i,M_down,M_up; val=-0.3232]
          H_halt  = (new_M_up > |0.5|)  [varies: YES]
    # 6  score=0.09191  BER=0.07178  faults=0.00  len=16
          F_down  = max(tanh(D_i), M_parent_down)  [deps: M_parent_down; val=0.5000]
          F_up    = |sqrt(Sum_children(M_up))|  [deps: all_M_up(16/16); val=3.1623]
          F_belief= (D_i / (M_down / (M_up - EC3)))  [deps: D_i,M_down,M_up; val=-1.0645]
          H_halt  = (new_M_up > 0.5)  [varies: YES]
    # 7  score=0.09191  BER=0.07178  faults=0.00  len=17
          F_down  = max(tanh(D_i), M_parent_down)  [deps: M_parent_down; val=0.5000]
          F_up    = |sqrt(Sum_children(M_up))|  [deps: all_M_up(16/16); val=3.1623]
          F_belief= (D_i / (M_down / (M_up - EC3)))  [deps: D_i,M_down,M_up; val=-1.0645]
          H_halt  = (new_M_up > |0.5|)  [varies: YES]
    # 8  score=0.09191  BER=0.07178  faults=0.00  len=17
          F_down  = max(tanh(D_i), M_parent_down)  [deps: M_parent_down; val=0.5000]
          F_up    = sqrt(|Sum_children(M_up)|)  [deps: all_M_up(16/16); val=3.1623]
          F_belief= (D_i / (M_down / (M_up - EC3)))  [deps: D_i,M_down,M_up; val=-1.0645]
          H_halt  = (new_M_up > |0.5|)  [varies: YES]
    # 9  score=0.09191  BER=0.07178  faults=0.00  len=18
          F_down  = max(tanh(D_i), M_parent_down)  [deps: M_parent_down; val=0.5000]
          F_up    = |sqrt(Sum_children(M_up))|  [deps: all_M_up(16/16); val=3.1623]
          F_belief= (D_i / (M_down / (M_up - EC3)))  [deps: D_i,M_down,M_up; val=-1.0645]
          H_halt  = EC0  [varies: YES]
    #10  score=0.09191  BER=0.07178  faults=0.00  len=17
          F_down  = max(tanh(D_i), M_parent_down)  [deps: M_parent_down; val=0.5000]
          F_up    = |sqrt(Sum_children(M_up))|  [deps: all_M_up(16/16); val=3.1623]
          F_belief= (D_i / (M_down / (M_up - EC3)))  [deps: D_i,M_down,M_up; val=-1.0645]
          H_halt  = (|new_M_up| > 0.5)  [varies: YES]

[2026-04-15 02:54:22] Gen 2  Fit(BER=0.05488 ratio=0.310 FLOPs=141815 len=15 faults=0.00 gap=0.022 bp=14848.1 nlbp=0.0 bpg=0.000)
  DOWN:[Float.Tanh ; Float.Rot ; Float.Max] | UP:[Float.Swap ; Node.GetCumDist ; Node.ForEachChild([Node.GetMUp]) ; Float.Sqrt ; Float.Abs] | BEL:[Float.EvoConst3 ; Float.Sub ; Float.Div ; Float.Div] | HALT:[Float.Abs ; Float.GT] | LOGC:[-1.9265,-0.7784,-0.4502,-0.4021]
  [Diversity] unique=59/60  stagnant_gens=0
  Top-10 individuals (Gen 2):
    # 1  score=0.06177  BER=0.05488  faults=0.00  len=15
          F_down  = max(M_parent_down, tanh(C_i))  [deps: M_parent_down,C_i; val=0.5000]
          F_up    = |sqrt(Sum_children(M_up))|  [deps: all_M_up(16/16); val=3.1623]
          F_belief= (D_i / (M_down / (M_up - EC3)))  [deps: D_i,M_down,M_up; val=-0.3270]
          H_halt  = (old_M_up > |new_M_up|)  [varies: NO (always False)]
          [EC]  EC0=0.011845 EC1=0.166585 EC2=0.354687 EC3=0.396172
          [F_down ]:  (3 instrs)
            return max(M_par_down, tanh(C_i))
          [F_up   ]:  (5 instrs)
            acc1 = 0.0
            for child_j in node.children:  # ForEachChild → Σ body(child_j)
              acc1 += M_up
            return abs(sqrt(acc1))
          [F_belief]:  (4 instrs)
            return (D_i / (M_dn / (M_up - EC3)))
          [H_halt ]:  (2 instrs)
            return (old_Mup > abs(new_Mup))  # bool
    # 2  score=0.06433  BER=0.05525  faults=0.00  len=14
          F_down  = max(M_parent_down, C_i)  [deps: M_parent_down,C_i; val=0.5000]
          F_up    = |sqrt(Sum_children(M_up))|  [deps: all_M_up(16/16); val=3.1623]
          F_belief= (D_i / (M_down / (M_up - EC3)))  [deps: D_i,M_down,M_up; val=-0.2703]
          H_halt  = EC0  [varies: NO (always False)]
    # 3  score=0.07919  BER=0.06219  faults=0.00  len=14
          F_down  = max(tanh(D_i), M_parent_down)  [deps: M_parent_down; val=0.5000]
          F_up    = Sum_children(M_up)  [deps: all_M_up(16/16); val=10.0000]
          F_belief= (D_i / (M_down / (M_up - EC3)))  [deps: D_i,M_down,M_up; val=-1.6276]
          H_halt  = 0.5  [varies: NO (always False)]
    # 4  score=0.08075  BER=0.06456  faults=0.00  len=17
          F_down  = max(tanh(D_i), M_parent_down)  [deps: M_parent_down; val=0.5000]
          F_up    = |sqrt(Sum_children(M_up))|  [deps: all_M_up(16/16); val=3.1623]
          F_belief= (D_i / (M_down / (M_up - EC3)))  [deps: D_i,M_down,M_up; val=-1.1659]
          H_halt  = (|new_M_up| > 0.5)  [varies: YES]
    # 5  score=0.09039  BER=0.07344  faults=0.00  len=18
          F_down  = max(tanh(D_i), M_parent_down)  [deps: M_parent_down; val=0.5000]
          F_up    = |sqrt(Sum_children(M_up))|  [deps: all_M_up(16/16); val=3.1623]
          F_belief= (D_i / (M_down / (M_up - EC3)))  [deps: D_i,M_down,M_up; val=-0.3232]
          H_halt  = (new_M_up > |0.5|)  [varies: YES]
    # 6  score=0.09096  BER=0.08263  faults=0.00  len=19
          F_down  = max(tanh(D_i), M_parent_down)  [deps: M_parent_down; val=0.5000]
          F_up    = |sqrt(Sum_children(M_up))|  [deps: all_M_up(16/16); val=3.1623]
          F_belief= (D_i / (M_down / (M_up - EC3)))  [deps: D_i,M_down,M_up; val=0.0207]
          H_halt  = 0  [varies: YES]
    # 7  score=0.09191  BER=0.07178  faults=0.00  len=16
          F_down  = max(tanh(D_i), M_parent_down)  [deps: M_parent_down; val=0.5000]
          F_up    = |sqrt(Sum_children(M_up))|  [deps: all_M_up(16/16); val=3.1623]
          F_belief= (D_i / (M_down / (M_up - EC3)))  [deps: D_i,M_down,M_up; val=-1.0645]
          H_halt  = (new_M_up > 0.5)  [varies: YES]
    # 8  score=0.09289  BER=0.07594  faults=0.00  len=15
          F_down  = max(M_parent_down, C_i)  [deps: M_parent_down,C_i; val=0.5000]
          F_up    = |sqrt(Sum_children(M_up))|  [deps: all_M_up(16/16); val=3.1623]
          F_belief= (D_i / (M_down / (M_up - EC3)))  [deps: D_i,M_down,M_up; val=-1.0645]
          H_halt  = EC0  [varies: NO (always False)]
    # 9  score=0.10184  BER=0.08659  faults=0.00  len=16
          F_down  = (M_parent_down - EC2)  [deps: M_parent_down; val=-3.0719]
          F_up    = Sum_children(M_up)  [deps: all_M_up(16/16); val=10.0000]
          F_belief= (min(M_down, M_up) / D_i)  [deps: D_i,M_up; val=0.4000]
          H_halt  = 0  [varies: NO (always False)]
    #10  score=0.10470  BER=0.08888  faults=0.00  len=17
          F_down  = max(tanh(D_i), M_parent_down)  [deps: M_parent_down; val=0.5000]
          F_up    = sqrt(Sum_children(M_up))  [deps: all_M_up(16/16); val=3.1623]
          F_belief= (D_i / (M_down / (M_up - EC3)))  [deps: D_i,M_down,M_up; val=-1.0645]
          H_halt  = (|new_M_up| > 0.5)  [varies: YES]

[2026-04-15 02:56:14] Gen 3  Fit(BER=0.05488 ratio=0.310 FLOPs=141815 len=15 faults=0.00 gap=0.022 bp=14848.1 nlbp=0.0 bpg=0.000)
  DOWN:[Float.Tanh ; Float.Rot ; Float.Max] | UP:[Float.Swap ; Node.GetCumDist ; Node.ForEachChild([Node.GetMUp]) ; Float.Sqrt ; Float.Abs] | BEL:[Float.EvoConst3 ; Float.Sub ; Float.Div ; Float.Div] | HALT:[Float.Abs ; Float.GT] | LOGC:[-1.9265,-0.7784,-0.4502,-0.4021]
  [Diversity] unique=60/60  stagnant_gens=1
  Top-10 individuals (Gen 3):
    # 1  score=0.06177  BER=0.05488  faults=0.00  len=15
          F_down  = max(M_parent_down, tanh(C_i))  [deps: M_parent_down,C_i; val=0.5000]
          F_up    = |sqrt(Sum_children(M_up))|  [deps: all_M_up(16/16); val=3.1623]
          F_belief= (D_i / (M_down / (M_up - EC3)))  [deps: D_i,M_down,M_up; val=-0.3270]
          H_halt  = (old_M_up > |new_M_up|)  [varies: NO (always False)]
          [EC]  EC0=0.011845 EC1=0.166585 EC2=0.354687 EC3=0.396172
          [F_down ]:  (3 instrs)
            return max(M_par_down, tanh(C_i))
          [F_up   ]:  (5 instrs)
            acc1 = 0.0
            for child_j in node.children:  # ForEachChild → Σ body(child_j)
              acc1 += M_up
            return abs(sqrt(acc1))
          [F_belief]:  (4 instrs)
            return (D_i / (M_dn / (M_up - EC3)))
          [H_halt ]:  (2 instrs)
            return (old_Mup > abs(new_Mup))  # bool
    # 2  score=0.06433  BER=0.05525  faults=0.00  len=14
          F_down  = max(M_parent_down, C_i)  [deps: M_parent_down,C_i; val=0.5000]
          F_up    = |sqrt(Sum_children(M_up))|  [deps: all_M_up(16/16); val=3.1623]
          F_belief= (D_i / (M_down / (M_up - EC3)))  [deps: D_i,M_down,M_up; val=-0.2703]
          H_halt  = EC0  [varies: NO (always False)]
    # 3  score=0.07919  BER=0.06219  faults=0.00  len=14
          F_down  = max(tanh(D_i), M_parent_down)  [deps: M_parent_down; val=0.5000]
          F_up    = Sum_children(M_up)  [deps: all_M_up(16/16); val=10.0000]
          F_belief= (D_i / (M_down / (M_up - EC3)))  [deps: D_i,M_down,M_up; val=-1.6276]
          H_halt  = 0.5  [varies: NO (always False)]
    # 4  score=0.08075  BER=0.06456  faults=0.00  len=17
          F_down  = max(tanh(D_i), M_parent_down)  [deps: M_parent_down; val=0.5000]
          F_up    = |sqrt(Sum_children(M_up))|  [deps: all_M_up(16/16); val=3.1623]
          F_belief= (D_i / (M_down / (M_up - EC3)))  [deps: D_i,M_down,M_up; val=-1.1659]
          H_halt  = (|new_M_up| > 0.5)  [varies: YES]
    # 5  score=0.09039  BER=0.07344  faults=0.00  len=18
          F_down  = max(tanh(D_i), M_parent_down)  [deps: M_parent_down; val=0.5000]
          F_up    = |sqrt(Sum_children(M_up))|  [deps: all_M_up(16/16); val=3.1623]
          F_belief= (D_i / (M_down / (M_up - EC3)))  [deps: D_i,M_down,M_up; val=-0.3232]
          H_halt  = (new_M_up > |0.5|)  [varies: YES]
    # 6  score=0.09096  BER=0.08263  faults=0.00  len=19
          F_down  = max(tanh(D_i), M_parent_down)  [deps: M_parent_down; val=0.5000]
          F_up    = |sqrt(Sum_children(M_up))|  [deps: all_M_up(16/16); val=3.1623]
          F_belief= (D_i / (M_down / (M_up - EC3)))  [deps: D_i,M_down,M_up; val=0.0207]
          H_halt  = 0  [varies: YES]
    # 7  score=0.09096  BER=0.08263  faults=0.00  len=19
          F_down  = max(tanh(D_i), M_parent_down)  [deps: M_parent_down; val=0.5000]
          F_up    = |sqrt(Sum_children(M_up))|  [deps: all_M_up(16/16); val=3.1623]
          F_belief= (D_i / (M_down / (M_up - EC3)))  [deps: D_i,M_down,M_up; val=0.0207]
          H_halt  = 0  [varies: YES]
    # 8  score=0.09096  BER=0.08263  faults=0.00  len=20
          F_down  = max(tanh(D_i), (M_parent_down)^2)  [deps: M_parent_down; val=0.2913]
          F_up    = |sqrt(Sum_children(M_up))|  [deps: all_M_up(16/16); val=3.1623]
          F_belief= (D_i / (M_down / (M_up - EC3)))  [deps: D_i,M_down,M_up; val=0.0207]
          H_halt  = 0  [varies: YES]
    # 9  score=0.09289  BER=0.07594  faults=0.00  len=14
          F_down  = max(M_parent_down, C_i)  [deps: M_parent_down,C_i; val=0.5000]
          F_up    = |Sum_children(M_up)|  [deps: all_M_up(16/16); val=10.0000]
          F_belief= (D_i / (M_down / (M_up - EC3)))  [deps: D_i,M_down,M_up; val=-1.0645]
          H_halt  = EC0  [varies: NO (always False)]
    #10  score=0.09289  BER=0.07594  faults=0.00  len=16
          F_down  = max(M_parent_down, C_i)  [deps: M_parent_down,C_i; val=0.5000]
          F_up    = Sum_children(M_up)  [deps: all_M_up(16/16); val=10.0000]
          F_belief= (D_i / (M_down / (M_up - EC3)))  [deps: D_i,M_down,M_up; val=-1.0645]
          H_halt  = EC0  [varies: NO (always False)]

[2026-04-15 02:58:13] Gen 4  Fit(BER=0.05488 ratio=0.310 FLOPs=141815 len=15 faults=0.00 gap=0.022 bp=14848.1 nlbp=0.0 bpg=0.000)
  DOWN:[Float.Tanh ; Float.Rot ; Float.Max] | UP:[Float.Swap ; Node.GetCumDist ; Node.ForEachChild([Node.GetMUp]) ; Float.Sqrt ; Float.Abs] | BEL:[Float.EvoConst3 ; Float.Sub ; Float.Div ; Float.Div] | HALT:[Float.Abs ; Float.GT] | LOGC:[-1.9265,-0.7784,-0.4502,-0.4021]
  [Diversity] unique=60/60  stagnant_gens=2
  Top-10 individuals (Gen 4):
    # 1  score=0.06177  BER=0.05488  faults=0.00  len=15
          F_down  = max(M_parent_down, tanh(C_i))  [deps: M_parent_down,C_i; val=0.5000]
          F_up    = |sqrt(Sum_children(M_up))|  [deps: all_M_up(16/16); val=3.1623]
          F_belief= (D_i / (M_down / (M_up - EC3)))  [deps: D_i,M_down,M_up; val=-0.3270]
          H_halt  = (old_M_up > |new_M_up|)  [varies: NO (always False)]
          [EC]  EC0=0.011845 EC1=0.166585 EC2=0.354687 EC3=0.396172
          [F_down ]:  (3 instrs)
            return max(M_par_down, tanh(C_i))
          [F_up   ]:  (5 instrs)
            acc1 = 0.0
            for child_j in node.children:  # ForEachChild → Σ body(child_j)
              acc1 += M_up
            return abs(sqrt(acc1))
          [F_belief]:  (4 instrs)
            return (D_i / (M_dn / (M_up - EC3)))
          [H_halt ]:  (2 instrs)
            return (old_Mup > abs(new_Mup))  # bool
    # 2  score=0.06433  BER=0.05525  faults=0.00  len=14
          F_down  = max(M_parent_down, C_i)  [deps: M_parent_down,C_i; val=0.5000]
          F_up    = |sqrt(Sum_children(M_up))|  [deps: all_M_up(16/16); val=3.1623]
          F_belief= (D_i / (M_down / (M_up - EC3)))  [deps: D_i,M_down,M_up; val=-0.2703]
          H_halt  = EC0  [varies: NO (always False)]
    # 3  score=0.07919  BER=0.06219  faults=0.00  len=14
          F_down  = max(tanh(D_i), M_parent_down)  [deps: M_parent_down; val=0.5000]
          F_up    = Sum_children(M_up)  [deps: all_M_up(16/16); val=10.0000]
          F_belief= (D_i / (M_down / (M_up - EC3)))  [deps: D_i,M_down,M_up; val=-1.6276]
          H_halt  = 0.5  [varies: NO (always False)]
    # 4  score=0.08075  BER=0.06456  faults=0.00  len=17
          F_down  = max(tanh(D_i), M_parent_down)  [deps: M_parent_down; val=0.5000]
          F_up    = |sqrt(Sum_children(M_up))|  [deps: all_M_up(16/16); val=3.1623]
          F_belief= (D_i / (M_down / (M_up - EC3)))  [deps: D_i,M_down,M_up; val=-1.1659]
          H_halt  = (|new_M_up| > 0.5)  [varies: YES]
    # 5  score=0.08765  BER=0.07250  faults=0.00  len=21
          F_down  = max(M_parent_down, tanh(C_i))  [deps: M_parent_down,C_i; val=0.5000]
          F_up    = |sqrt(Sum_children(M_up))|  [deps: all_M_up(16/16); val=3.1623]
          F_belief= (D_i / (M_down / ((M_up - EC3) - EC3)))  [deps: D_i,M_down,M_up; val=-0.9826]
          H_halt  = (old_M_up > |new_M_up|)  [varies: NO (always False)]
    # 6  score=0.09039  BER=0.07344  faults=0.00  len=18
          F_down  = max(tanh(D_i), M_parent_down)  [deps: M_parent_down; val=0.5000]
          F_up    = |sqrt(Sum_children(M_up))|  [deps: all_M_up(16/16); val=3.1623]
          F_belief= (D_i / (M_down / (M_up - EC3)))  [deps: D_i,M_down,M_up; val=-0.3232]
          H_halt  = (new_M_up > |0.5|)  [varies: YES]
    # 7  score=0.09096  BER=0.08263  faults=0.00  len=19
          F_down  = max(tanh(D_i), M_parent_down)  [deps: M_parent_down; val=0.5000]
          F_up    = |sqrt(Sum_children(M_up))|  [deps: all_M_up(16/16); val=3.1623]
          F_belief= (D_i / (M_down / (M_up - EC3)))  [deps: D_i,M_down,M_up; val=0.0207]
          H_halt  = 0  [varies: YES]
    # 8  score=0.09096  BER=0.08263  faults=0.00  len=20
          F_down  = max(tanh(D_i), M_parent_down)  [deps: M_parent_down; val=0.5000]
          F_up    = |sqrt(Sum_children(M_up))|  [deps: all_M_up(16/16); val=3.1623]
          F_belief= (D_i / (M_down / (M_up - EC3)))  [deps: D_i,M_down,M_up; val=0.0207]
          H_halt  = 0  [varies: YES]
    # 9  score=0.09096  BER=0.08263  faults=0.00  len=19
          F_down  = max(tanh(D_i), M_parent_down)  [deps: M_parent_down; val=0.5000]
          F_up    = |sqrt(Sum_children(M_up))|  [deps: all_M_up(16/16); val=3.1623]
          F_belief= (D_i / (M_down / (M_up - EC3)))  [deps: D_i,M_down,M_up; val=0.0207]
          H_halt  = 0  [varies: YES]
    #10  score=0.09096  BER=0.08263  faults=0.00  len=19
          F_down  = max(tanh(D_i), (M_parent_down)^2)  [deps: M_parent_down; val=0.2913]
          F_up    = sqrt(|Sum_children(M_up)|)  [deps: all_M_up(16/16); val=3.1623]
          F_belief= (D_i / (M_down / (M_up - EC3)))  [deps: D_i,M_down,M_up; val=0.0207]
          H_halt  = 0  [varies: YES]

[2026-04-15 02:59:51] Gen 5  Fit(BER=0.05488 ratio=0.310 FLOPs=141815 len=15 faults=0.00 gap=0.022 bp=14848.1 nlbp=0.0 bpg=0.000)
  DOWN:[Float.Tanh ; Float.Rot ; Float.Max] | UP:[Float.Swap ; Node.GetCumDist ; Node.ForEachChild([Node.GetMUp]) ; Float.Sqrt ; Float.Abs] | BEL:[Float.EvoConst3 ; Float.Sub ; Float.Div ; Float.Div] | HALT:[Float.Abs ; Float.GT] | LOGC:[-1.9265,-0.7784,-0.4502,-0.4021]
  [Diversity] unique=60/60  stagnant_gens=3
  Top-10 individuals (Gen 5):
    # 1  score=0.06177  BER=0.05488  faults=0.00  len=15
          F_down  = max(M_parent_down, tanh(C_i))  [deps: M_parent_down,C_i; val=0.5000]
          F_up    = |sqrt(Sum_children(M_up))|  [deps: all_M_up(16/16); val=3.1623]
          F_belief= (D_i / (M_down / (M_up - EC3)))  [deps: D_i,M_down,M_up; val=-0.3270]
          H_halt  = (old_M_up > |new_M_up|)  [varies: NO (always False)]
          [EC]  EC0=0.011845 EC1=0.166585 EC2=0.354687 EC3=0.396172
          [F_down ]:  (3 instrs)
            return max(M_par_down, tanh(C_i))
          [F_up   ]:  (5 instrs)
            acc1 = 0.0
            for child_j in node.children:  # ForEachChild → Σ body(child_j)
              acc1 += M_up
            return abs(sqrt(acc1))
          [F_belief]:  (4 instrs)
            return (D_i / (M_dn / (M_up - EC3)))
          [H_halt ]:  (2 instrs)
            return (old_Mup > abs(new_Mup))  # bool
    # 2  score=0.06433  BER=0.05525  faults=0.00  len=14
          F_down  = max(M_parent_down, C_i)  [deps: M_parent_down,C_i; val=0.5000]
          F_up    = |sqrt(Sum_children(M_up))|  [deps: all_M_up(16/16); val=3.1623]
          F_belief= (D_i / (M_down / (M_up - EC3)))  [deps: D_i,M_down,M_up; val=-0.2703]
          H_halt  = EC0  [varies: NO (always False)]
    # 3  score=0.07919  BER=0.06219  faults=0.00  len=14
          F_down  = max(tanh(D_i), M_parent_down)  [deps: M_parent_down; val=0.5000]
          F_up    = Sum_children(M_up)  [deps: all_M_up(16/16); val=10.0000]
          F_belief= (D_i / (M_down / (M_up - EC3)))  [deps: D_i,M_down,M_up; val=-1.6276]
          H_halt  = 0.5  [varies: NO (always False)]
    # 4  score=0.08075  BER=0.06456  faults=0.00  len=17
          F_down  = max(tanh(D_i), M_parent_down)  [deps: M_parent_down; val=0.5000]
          F_up    = |sqrt(Sum_children(M_up))|  [deps: all_M_up(16/16); val=3.1623]
          F_belief= (D_i / (M_down / (M_up - EC3)))  [deps: D_i,M_down,M_up; val=-1.1659]
          H_halt  = (|new_M_up| > 0.5)  [varies: YES]
    # 5  score=0.08765  BER=0.07250  faults=0.00  len=21
          F_down  = max(M_parent_down, tanh(C_i))  [deps: M_parent_down,C_i; val=0.5000]
          F_up    = |sqrt(Sum_children(M_up))|  [deps: all_M_up(16/16); val=3.1623]
          F_belief= (D_i / (M_down / ((M_up - EC3) - EC3)))  [deps: D_i,M_down,M_up; val=-0.9826]
          H_halt  = (old_M_up > |new_M_up|)  [varies: NO (always False)]
    # 6  score=0.08777  BER=0.08056  faults=0.00  len=24
          F_down  = max(M_parent_down, C_i)  [deps: M_parent_down,C_i; val=0.5000]
          F_up    = |sqrt(Sum_children(M_up))|  [deps: all_M_up(16/16); val=3.1623]
          F_belief= (D_i / (M_down / (M_up - EC3)))  [deps: D_i,M_down,M_up; val=-0.1687]
          H_halt  = EC0  [varies: YES]
    # 7  score=0.09039  BER=0.07344  faults=0.00  len=18
          F_down  = max(tanh(D_i), M_parent_down)  [deps: M_parent_down; val=0.5000]
          F_up    = |sqrt(Sum_children(M_up))|  [deps: all_M_up(16/16); val=3.1623]
          F_belief= (D_i / (M_down / (M_up - EC3)))  [deps: D_i,M_down,M_up; val=-0.3232]
          H_halt  = (new_M_up > |0.5|)  [varies: YES]
    # 8  score=0.09096  BER=0.08263  faults=0.00  len=12
          F_down  = max(M_parent_down, C_i)  [deps: M_parent_down,C_i; val=0.5000]
          F_up    = |Sum_children(M_up)|  [deps: all_M_up(16/16); val=10.0000]
          F_belief= (D_i / (M_down / (M_up - EC3)))  [deps: D_i,M_down,M_up; val=-0.2052]
          H_halt  = 0  [varies: NO (always False)]
    # 9  score=0.09410  BER=0.08681  faults=0.00  len=16
          F_down  = tanh(max(M_parent_down, C_i))  [deps: M_parent_down,C_i; val=0.4621]
          F_up    = |sqrt(Sum_children(M_up))|  [deps: all_M_up(16/16); val=3.1623]
          F_belief= (D_i / (M_down / (M_up - EC3)))  [deps: D_i,M_down,M_up; val=-0.3270]
          H_halt  = (old_M_up > |new_M_up|)  [varies: NO (always False)]
    #10  score=0.09410  BER=0.08681  faults=0.00  len=14
          F_down  = tanh(max(M_parent_down, C_i))  [deps: M_parent_down,C_i; val=0.4621]
          F_up    = |sqrt(Sum_children(M_up))|  [deps: all_M_up(16/16); val=3.1623]
          F_belief= (D_i / (M_down / (M_up - EC3)))  [deps: D_i,M_down,M_up; val=-0.3270]
          H_halt  = (old_M_up > |new_M_up|)  [varies: NO (always False)]

[2026-04-15 03:01:37] Gen 6  Fit(BER=0.05488 ratio=0.310 FLOPs=141815 len=15 faults=0.00 gap=0.022 bp=14848.1 nlbp=0.0 bpg=0.000)
  DOWN:[Float.Tanh ; Float.Rot ; Float.Max] | UP:[Float.Swap ; Node.GetCumDist ; Node.ForEachChild([Node.GetMUp]) ; Float.Sqrt ; Float.Abs] | BEL:[Float.EvoConst3 ; Float.Sub ; Float.Div ; Float.Div] | HALT:[Float.Abs ; Float.GT] | LOGC:[-1.9265,-0.7784,-0.4502,-0.4021]
  [Diversity] unique=60/60  stagnant_gens=4
  Top-10 individuals (Gen 6):
    # 1  score=0.06177  BER=0.05488  faults=0.00  len=15
          F_down  = max(M_parent_down, tanh(C_i))  [deps: M_parent_down,C_i; val=0.5000]
          F_up    = |sqrt(Sum_children(M_up))|  [deps: all_M_up(16/16); val=3.1623]
          F_belief= (D_i / (M_down / (M_up - EC3)))  [deps: D_i,M_down,M_up; val=-0.3270]
          H_halt  = (old_M_up > |new_M_up|)  [varies: NO (always False)]
          [EC]  EC0=0.011845 EC1=0.166585 EC2=0.354687 EC3=0.396172
          [F_down ]:  (3 instrs)
            return max(M_par_down, tanh(C_i))
          [F_up   ]:  (5 instrs)
            acc1 = 0.0
            for child_j in node.children:  # ForEachChild → Σ body(child_j)
              acc1 += M_up
            return abs(sqrt(acc1))
          [F_belief]:  (4 instrs)
            return (D_i / (M_dn / (M_up - EC3)))
          [H_halt ]:  (2 instrs)
            return (old_Mup > abs(new_Mup))  # bool
    # 2  score=0.06433  BER=0.05525  faults=0.00  len=14
          F_down  = max(M_parent_down, C_i)  [deps: M_parent_down,C_i; val=0.5000]
          F_up    = |sqrt(Sum_children(M_up))|  [deps: all_M_up(16/16); val=3.1623]
          F_belief= (D_i / (M_down / (M_up - EC3)))  [deps: D_i,M_down,M_up; val=-0.2703]
          H_halt  = EC0  [varies: NO (always False)]
    # 3  score=0.07919  BER=0.06219  faults=0.00  len=14
          F_down  = max(tanh(D_i), M_parent_down)  [deps: M_parent_down; val=0.5000]
          F_up    = Sum_children(M_up)  [deps: all_M_up(16/16); val=10.0000]
          F_belief= (D_i / (M_down / (M_up - EC3)))  [deps: D_i,M_down,M_up; val=-1.6276]
          H_halt  = 0.5  [varies: NO (always False)]
    # 4  score=0.08777  BER=0.08056  faults=0.00  len=24
          F_down  = max(M_parent_down, C_i)  [deps: M_parent_down,C_i; val=0.5000]
          F_up    = (Sum_children(M_up) * |sqrt(Sum_children(M_up))|)  [deps: all_M_up(16/16); val=31.6228]
          F_belief= (D_i / (M_down / (M_up - EC3)))  [deps: D_i,M_down,M_up; val=-0.1687]
          H_halt  = EC0  [varies: YES]
    # 5  score=0.09520  BER=0.08537  faults=0.00  len=24
          F_down  = max(M_parent_down, C_i)  [deps: M_parent_down,C_i; val=0.5000]
          F_up    = |sqrt(Sum_children(M_up))|  [deps: all_M_up(16/16); val=3.1623]
          F_belief= (D_i / (M_down / (M_up - EC3)))  [deps: D_i,M_down,M_up; val=-0.2417]
          H_halt  = |(|new_M_up| > 0.5)|  [varies: YES]
    # 6  score=0.09643  BER=0.09413  faults=0.00  len=14
          F_down  = max(M_parent_down, C_i)  [deps: M_parent_down,C_i; val=0.5000]
          F_up    = |Sum_children(M_up)|  [deps: all_M_up(16/16); val=10.0000]
          F_belief= (D_i / (M_down / (M_up - EC3)))  [deps: D_i,M_down,M_up; val=-0.3270]
          H_halt  = (old_M_up > new_M_up)  [varies: NO (always True)]
    # 7  score=0.09893  BER=0.09528  faults=0.00  len=14
          F_down  = max(M_parent_down, C_i)  [deps: M_parent_down,C_i; val=0.5000]
          F_up    = |Sum_children(M_up)|  [deps: all_M_up(16/16); val=10.0000]
          F_belief= (D_i / (M_down / (M_up - EC3)))  [deps: D_i,M_down,M_up; val=-0.2703]
          H_halt  = (old_M_up > new_M_up)  [varies: NO (always False)]
    # 8  score=0.09920  BER=0.09237  faults=0.00  len=19
          F_down  = max(M_parent_down, C_i)  [deps: M_parent_down,C_i; val=0.5000]
          F_up    = |sqrt(Sum_children(M_up))|  [deps: all_M_up(16/16); val=3.1623]
          F_belief= (D_i / (M_down / (M_up - EC3)))  [deps: D_i,M_down,M_up; val=-0.9850]
          H_halt  = EC0  [varies: NO (always False)]
    # 9  score=0.09986  BER=0.09809  faults=0.00  len=15
          F_down  = max(M_parent_down, C_i)  [deps: M_parent_down,C_i; val=0.5000]
          F_up    = |sqrt(Sum_children(M_up))|  [deps: all_M_up(16/16); val=3.1623]
          F_belief= (D_i / (M_down / (M_up - EC3)))  [deps: D_i,M_down,M_up; val=-0.2976]
          H_halt  = EC0  [varies: NO (always False)]
    #10  score=0.10021  BER=0.09038  faults=0.00  len=17
          F_down  = max(M_parent_down, C_i)  [deps: M_parent_down,C_i; val=0.5000]
          F_up    = |sqrt(Sum_children(M_up))|  [deps: all_M_up(16/16); val=3.1623]
          F_belief= (D_i / (M_down / ((M_up - EC3) - EC3)))  [deps: D_i,M_down,M_up; val=-0.9089]
          H_halt  = (old_M_up > new_M_up)  [varies: NO (always False)]

[2026-04-15 03:03:20] Gen 7  Fit(BER=0.05488 ratio=0.310 FLOPs=141815 len=15 faults=0.00 gap=0.022 bp=14848.1 nlbp=0.0 bpg=0.000)
  DOWN:[Float.Tanh ; Float.Rot ; Float.Max] | UP:[Float.Swap ; Node.GetCumDist ; Node.ForEachChild([Node.GetMUp]) ; Float.Sqrt ; Float.Abs] | BEL:[Float.EvoConst3 ; Float.Sub ; Float.Div ; Float.Div] | HALT:[Float.Abs ; Float.GT] | LOGC:[-1.9265,-0.7784,-0.4502,-0.4021]
  [Diversity] unique=60/60  stagnant_gens=5
  Top-10 individuals (Gen 7):
    # 1  score=0.06177  BER=0.05488  faults=0.00  len=15
          F_down  = max(M_parent_down, tanh(C_i))  [deps: M_parent_down,C_i; val=0.5000]
          F_up    = |sqrt(Sum_children(M_up))|  [deps: all_M_up(16/16); val=3.1623]
          F_belief= (D_i / (M_down / (M_up - EC3)))  [deps: D_i,M_down,M_up; val=-0.3270]
          H_halt  = (old_M_up > |new_M_up|)  [varies: NO (always False)]
          [EC]  EC0=0.011845 EC1=0.166585 EC2=0.354687 EC3=0.396172
          [F_down ]:  (3 instrs)
            return max(M_par_down, tanh(C_i))
          [F_up   ]:  (5 instrs)
            acc1 = 0.0
            for child_j in node.children:  # ForEachChild → Σ body(child_j)
              acc1 += M_up
            return abs(sqrt(acc1))
          [F_belief]:  (4 instrs)
            return (D_i / (M_dn / (M_up - EC3)))
          [H_halt ]:  (2 instrs)
            return (old_Mup > abs(new_Mup))  # bool
    # 2  score=0.06433  BER=0.05525  faults=0.00  len=14
          F_down  = max(M_parent_down, C_i)  [deps: M_parent_down,C_i; val=0.5000]
          F_up    = |sqrt(Sum_children(M_up))|  [deps: all_M_up(16/16); val=3.1623]
          F_belief= (D_i / (M_down / (M_up - EC3)))  [deps: D_i,M_down,M_up; val=-0.2703]
          H_halt  = EC0  [varies: NO (always False)]
    # 3  score=0.07919  BER=0.06219  faults=0.00  len=14
          F_down  = max(tanh(D_i), M_parent_down)  [deps: M_parent_down; val=0.5000]
          F_up    = Sum_children(M_up)  [deps: all_M_up(16/16); val=10.0000]
          F_belief= (D_i / (M_down / (M_up - EC3)))  [deps: D_i,M_down,M_up; val=-1.6276]
          H_halt  = 0.5  [varies: NO (always False)]
    # 4  score=0.08618  BER=0.07953  faults=0.00  len=14
          F_down  = max(M_parent_down, C_i)  [deps: M_parent_down,C_i; val=0.5000]
          F_up    = |sqrt(Sum_children(M_up))|  [deps: all_M_up(16/16); val=3.1623]
          F_belief= (D_i / (M_down / (M_up - EC3)))  [deps: D_i,M_down,M_up; val=-0.1848]
          H_halt  = EC0  [varies: NO (always False)]
    # 5  score=0.08777  BER=0.08056  faults=0.00  len=22
          F_down  = max(M_parent_down, C_i)  [deps: M_parent_down,C_i; val=0.5000]
          F_up    = (Sum_children(M_up) * |sqrt(Sum_children(M_up))|)  [deps: all_M_up(16/16); val=31.6228]
          F_belief= (D_i / (M_down / (M_up - EC3)))  [deps: D_i,M_down,M_up; val=-0.1687]
          H_halt  = EC0  [varies: YES]
    # 6  score=0.09583  BER=0.08572  faults=0.00  len=21
          F_down  = max(M_parent_down, tanh(C_i))  [deps: M_parent_down,C_i; val=0.5000]
          F_up    = Sum_children(M_up)  [deps: all_M_up(16/16); val=10.0000]
          F_belief= (D_i / (M_down / (M_up - EC3)))  [deps: D_i,M_down,M_up; val=-0.2239]
          H_halt  = (old_M_up > |new_M_up|)  [varies: NO (always False)]
    # 7  score=0.09890  BER=0.09528  faults=0.00  len=14
          F_down  = max(M_parent_down, C_i)  [deps: M_parent_down,C_i; val=0.5000]
          F_up    = |sqrt(Sum_children(M_up))|  [deps: all_M_up(16/16); val=3.1623]
          F_belief= (D_i / (M_down / (M_up - EC3)))  [deps: D_i,M_down,M_up; val=-0.2703]
          H_halt  = (new_M_up > EC0)  [varies: YES]
    # 8  score=0.09893  BER=0.09528  faults=0.00  len=15
          F_down  = max(M_parent_down, C_i)  [deps: M_parent_down,C_i; val=0.5000]
          F_up    = |sqrt(Sum_children(M_up))|  [deps: all_M_up(16/16); val=3.1623]
          F_belief= (D_i / (M_down / (M_up - EC3)))  [deps: D_i,M_down,M_up; val=-0.2703]
          H_halt  = EC3  [varies: NO (always False)]
    # 9  score=0.09986  BER=0.09809  faults=0.00  len=15
          F_down  = max(M_parent_down, C_i)  [deps: M_parent_down,C_i; val=0.5000]
          F_up    = sqrt(|Sum_children(M_up)|)  [deps: all_M_up(16/16); val=3.1623]
          F_belief= (D_i / (M_down / (M_up - EC3)))  [deps: D_i,M_down,M_up; val=-0.2976]
          H_halt  = EC0  [varies: NO (always False)]
    #10  score=0.10106  BER=0.08916  faults=0.00  len=16
          F_down  = max(M_parent_down, tanh(C_i))  [deps: M_parent_down,C_i; val=0.5000]
          F_up    = |(Sum_children(M_up))^2|  [deps: all_M_up(16/16); val=100.0000]
          F_belief= (D_i / (M_down / (M_up - EC3)))  [deps: D_i,M_down,M_up; val=-0.7024]
          H_halt  = EC0  [varies: YES]

[2026-04-15 03:05:19] Gen 8  Fit(BER=0.05488 ratio=0.310 FLOPs=141815 len=15 faults=0.00 gap=0.022 bp=14848.1 nlbp=0.0 bpg=0.000)
  DOWN:[Float.Tanh ; Float.Rot ; Float.Max] | UP:[Float.Swap ; Node.GetCumDist ; Node.ForEachChild([Node.GetMUp]) ; Float.Sqrt ; Float.Abs] | BEL:[Float.EvoConst3 ; Float.Sub ; Float.Div ; Float.Div] | HALT:[Float.Abs ; Float.GT] | LOGC:[-1.9265,-0.7784,-0.4502,-0.4021]
  [Diversity] unique=60/60  stagnant_gens=6
  Top-10 individuals (Gen 8):
    # 1  score=0.06177  BER=0.05488  faults=0.00  len=15
          F_down  = max(M_parent_down, tanh(C_i))  [deps: M_parent_down,C_i; val=0.5000]
          F_up    = |sqrt(Sum_children(M_up))|  [deps: all_M_up(16/16); val=3.1623]
          F_belief= (D_i / (M_down / (M_up - EC3)))  [deps: D_i,M_down,M_up; val=-0.3270]
          H_halt  = (old_M_up > |new_M_up|)  [varies: NO (always False)]
          [EC]  EC0=0.011845 EC1=0.166585 EC2=0.354687 EC3=0.396172
          [F_down ]:  (3 instrs)
            return max(M_par_down, tanh(C_i))
          [F_up   ]:  (5 instrs)
            acc1 = 0.0
            for child_j in node.children:  # ForEachChild → Σ body(child_j)
              acc1 += M_up
            return abs(sqrt(acc1))
          [F_belief]:  (4 instrs)
            return (D_i / (M_dn / (M_up - EC3)))
          [H_halt ]:  (2 instrs)
            return (old_Mup > abs(new_Mup))  # bool
    # 2  score=0.06433  BER=0.05525  faults=0.00  len=14
          F_down  = max(M_parent_down, C_i)  [deps: M_parent_down,C_i; val=0.5000]
          F_up    = |sqrt(Sum_children(M_up))|  [deps: all_M_up(16/16); val=3.1623]
          F_belief= (D_i / (M_down / (M_up - EC3)))  [deps: D_i,M_down,M_up; val=-0.2703]
          H_halt  = EC0  [varies: NO (always False)]
    # 3  score=0.07344  BER=0.06372  faults=0.00  len=22
          F_down  = max(tanh(D_i), M_parent_down)  [deps: M_parent_down; val=0.5000]
          F_up    = ||sqrt(Sum_children(M_up))||  [deps: all_M_up(16/16); val=3.1623]
          F_belief= (D_i / (M_down / ((M_up - EC3) - EC3)))  [deps: D_i,M_down,M_up; val=-0.7201]
          H_halt  = (old_M_up > |new_M_up|)  [varies: NO (always False)]
    # 4  score=0.07505  BER=0.07500  faults=0.00  len=15
          F_down  = max(M_parent_down, C_i)  [deps: M_parent_down,C_i; val=0.5000]
          F_up    = |sqrt(Sum_children(M_up))|  [deps: all_M_up(16/16); val=3.1623]
          F_belief= (D_i / (M_down / (M_up - EC3)))  [deps: D_i,M_down,M_up; val=-0.1349]
          H_halt  = old_M_up  [varies: YES]
    # 5  score=0.07508  BER=0.07500  faults=0.00  len=16
          F_down  = max(M_parent_down, C_i)  [deps: M_parent_down,C_i; val=0.5000]
          F_up    = |Sum_children(M_up)|  [deps: all_M_up(16/16); val=10.0000]
          F_belief= (D_i / (M_down / (M_up - EC3)))  [deps: D_i,M_down,M_up; val=-0.1606]
          H_halt  = (old_M_up > new_M_up)  [varies: NO (always False)]
    # 6  score=0.07562  BER=0.06703  faults=0.00  len=14
          F_down  = max(M_parent_down, tanh(C_i))  [deps: M_parent_down,C_i; val=0.5000]
          F_up    = |sqrt(Sum_children(M_up))|  [deps: all_M_up(16/16); val=3.1623]
          F_belief= (D_i / (M_down / (M_up - EC3)))  [deps: D_i,M_down,M_up; val=-0.3270]
          H_halt  = (old_M_up > |new_M_up|)  [varies: NO (always False)]
    # 7  score=0.07562  BER=0.06703  faults=0.00  len=19
          F_down  = max(M_parent_down, tanh(C_i))  [deps: M_parent_down,C_i; val=0.5000]
          F_up    = |sqrt(Sum_children(M_up))|  [deps: all_M_up(16/16); val=3.1623]
          F_belief= (D_i / (M_down / (M_up - EC3)))  [deps: D_i,M_down,M_up; val=-0.3270]
          H_halt  = EMPTY  [varies: NO (always False)]
    # 8  score=0.07583  BER=0.07522  faults=0.00  len=14
          F_down  = max(M_parent_down, C_i)  [deps: M_parent_down,C_i; val=0.5000]
          F_up    = |sqrt(Sum_children(M_up))|  [deps: all_M_up(16/16); val=3.1623]
          F_belief= (D_i / (M_down / (M_up - EC3)))  [deps: D_i,M_down,M_up; val=-1.1471]
          H_halt  = (new_M_up > EC0)  [varies: YES]
    # 9  score=0.07774  BER=0.07334  faults=0.00  len=14
          F_down  = max(M_parent_down, C_i)  [deps: M_parent_down,C_i; val=0.5000]
          F_up    = |sqrt(Sum_children(M_up))|  [deps: all_M_up(16/16); val=3.1623]
          F_belief= (D_i / (M_down / (M_up - EC3)))  [deps: D_i,M_down,M_up; val=-0.2703]
          H_halt  = EC0  [varies: NO (always False)]
    #10  score=0.07774  BER=0.07334  faults=0.00  len=14
          F_down  = max(M_parent_down, C_i)  [deps: M_parent_down,C_i; val=0.5000]
          F_up    = |sqrt(Sum_children(M_up))|  [deps: all_M_up(16/16); val=3.1623]
          F_belief= (D_i / (M_down / (M_up - EC3)))  [deps: D_i,M_down,M_up; val=-0.2703]
          H_halt  = EC0  [varies: NO (always False)]

[2026-04-15 03:07:42] Gen 9  Fit(BER=0.05488 ratio=0.310 FLOPs=141815 len=15 faults=0.00 gap=0.022 bp=14848.1 nlbp=0.0 bpg=0.000)
  DOWN:[Float.Tanh ; Float.Rot ; Float.Max] | UP:[Float.Swap ; Node.GetCumDist ; Node.ForEachChild([Node.GetMUp]) ; Float.Sqrt ; Float.Abs] | BEL:[Float.EvoConst3 ; Float.Sub ; Float.Div ; Float.Div] | HALT:[Float.Abs ; Float.GT] | LOGC:[-1.9265,-0.7784,-0.4502,-0.4021]
  [Diversity] unique=60/60  stagnant_gens=7
  Top-10 individuals (Gen 9):
    # 1  score=0.06177  BER=0.05488  faults=0.00  len=15
          F_down  = max(M_parent_down, tanh(C_i))  [deps: M_parent_down,C_i; val=0.5000]
          F_up    = |sqrt(Sum_children(M_up))|  [deps: all_M_up(16/16); val=3.1623]
          F_belief= (D_i / (M_down / (M_up - EC3)))  [deps: D_i,M_down,M_up; val=-0.3270]
          H_halt  = (old_M_up > |new_M_up|)  [varies: NO (always False)]
          [EC]  EC0=0.011845 EC1=0.166585 EC2=0.354687 EC3=0.396172
          [F_down ]:  (3 instrs)
            return max(M_par_down, tanh(C_i))
          [F_up   ]:  (5 instrs)
            acc1 = 0.0
            for child_j in node.children:  # ForEachChild → Σ body(child_j)
              acc1 += M_up
            return abs(sqrt(acc1))
          [F_belief]:  (4 instrs)
            return (D_i / (M_dn / (M_up - EC3)))
          [H_halt ]:  (2 instrs)
            return (old_Mup > abs(new_Mup))  # bool
    # 2  score=0.06433  BER=0.05525  faults=0.00  len=14
          F_down  = max(M_parent_down, C_i)  [deps: M_parent_down,C_i; val=0.5000]
          F_up    = |sqrt(Sum_children(M_up))|  [deps: all_M_up(16/16); val=3.1623]
          F_belief= (D_i / (M_down / (M_up - EC3)))  [deps: D_i,M_down,M_up; val=-0.2703]
          H_halt  = EC0  [varies: NO (always False)]
    # 3  score=0.07146  BER=0.07009  faults=0.00  len=14
          F_down  = max(M_parent_down, C_i)  [deps: M_parent_down,C_i; val=0.5000]
          F_up    = |sqrt(Sum_children(M_up))|  [deps: all_M_up(16/16); val=3.1623]
          F_belief= (D_i / (M_down / (M_up - EC3)))  [deps: D_i,M_down,M_up; val=-0.0908]
          H_halt  = (new_M_up > EC0)  [varies: YES]
    # 4  score=0.07336  BER=0.06372  faults=0.00  len=22
          F_down  = max(tanh(D_i), M_parent_down)  [deps: M_parent_down; val=0.5000]
          F_up    = |Sum_children(M_up)|  [deps: all_M_up(16/16); val=10.0000]
          F_belief= (D_i / (M_down / ((M_up - EC3) - EC3)))  [deps: D_i,M_down,M_up; val=-0.7201]
          H_halt  = (new_M_up > 0.1)  [varies: YES]
    # 5  score=0.07344  BER=0.06372  faults=0.00  len=22
          F_down  = max(tanh(D_i), M_parent_down)  [deps: M_parent_down; val=0.5000]
          F_up    = ||sqrt(Sum_children(M_up))||  [deps: all_M_up(16/16); val=3.1623]
          F_belief= (D_i / (M_down / ((M_up - EC3) - EC3)))  [deps: D_i,M_down,M_up; val=-0.7201]
          H_halt  = (old_M_up > |new_M_up|)  [varies: NO (always False)]
    # 6  score=0.07508  BER=0.07500  faults=0.00  len=14
          F_down  = max(M_parent_down, C_i)  [deps: M_parent_down,C_i; val=0.5000]
          F_up    = |Sum_children(M_up)|  [deps: all_M_up(16/16); val=10.0000]
          F_belief= (D_i / (M_down / (M_up - EC3)))  [deps: D_i,M_down,M_up; val=-0.1349]
          H_halt  = (old_M_up > new_M_up)  [varies: NO (always False)]
    # 7  score=0.07555  BER=0.06703  faults=0.00  len=13
          F_down  = max(M_parent_down, C_i)  [deps: M_parent_down,C_i; val=0.5000]
          F_up    = |sqrt(Sum_children(M_up))|  [deps: all_M_up(16/16); val=3.1623]
          F_belief= (D_i / (M_down / (M_up - EC3)))  [deps: D_i,M_down,M_up; val=-0.3270]
          H_halt  = (old_M_up > |new_M_up|)  [varies: NO (always False)]
    # 8  score=0.07562  BER=0.07534  faults=0.00  len=15
          F_down  = max(M_parent_down, C_i)  [deps: M_parent_down,C_i; val=0.5000]
          F_up    = |sqrt(|Sum_children(M_up)|)|  [deps: all_M_up(16/16); val=3.1623]
          F_belief= (D_i / (M_down / (M_up - EC3)))  [deps: D_i,M_down,M_up; val=-0.1322]
          H_halt  = (old_M_up > new_M_up)  [varies: NO (always False)]
    # 9  score=0.07585  BER=0.07522  faults=0.00  len=13
          F_down  = max(M_parent_down, C_i)  [deps: M_parent_down,C_i; val=0.5000]
          F_up    = |sqrt(Sum_children(M_up))|  [deps: all_M_up(16/16); val=3.1623]
          F_belief= (D_i / (M_down / (M_up - EC3)))  [deps: D_i,M_down,M_up; val=-1.1471]
          H_halt  = EC0  [varies: NO (always False)]
    #10  score=0.07771  BER=0.07334  faults=0.00  len=15
          F_down  = max(M_parent_down, C_i)  [deps: M_parent_down,C_i; val=0.5000]
          F_up    = Sum_children(M_up)  [deps: all_M_up(16/16); val=10.0000]
          F_belief= (D_i / (M_down / (M_up - EC3)))  [deps: D_i,M_down,M_up; val=-0.2703]
          H_halt  = EC0  [varies: YES]

[2026-04-15 03:10:54] Gen 10  Fit(BER=0.04969 ratio=0.327 FLOPs=87433 len=14 faults=0.00 gap=0.006 bp=14177.7 nlbp=0.0 bpg=0.000)  (NEW BEST)
  DOWN:[Float.Max ; Float.Square] | UP:[Node.ForEachChild([]) ; Node.GetCumDist ; Node.ForEachChild([Node.GetMUp]) ; Float.Sqrt ; Float.Abs] | BEL:[Float.EvoConst3 ; Float.Sub ; Float.Div ; Float.Div] | HALT:[Float.Abs ; Float.GT] | LOGC:[-1.9705,0.2783,-0.1762,-0.1936]
  [Diversity] unique=60/60  stagnant_gens=8
  Top-10 individuals (Gen 10):
    # 1  score=0.05165  BER=0.04969  faults=0.00  len=14
          F_down  = (max(M_parent_down, C_i))^2  [deps: M_parent_down,C_i; val=0.2500]
          F_up    = |sqrt(Sum_children(M_up))|  [deps: all_M_up(16/16); val=3.1623]
          F_belief= (D_i / (M_down / (M_up - EC3)))  [deps: D_i,M_down,M_up; val=-0.7339]
          H_halt  = (old_M_up > |new_M_up|)  [varies: NO (always False)]
          [EC]  EC0=0.010702 EC1=1.897937 EC2=0.666496 EC3=0.640360
          [F_down ]:  (2 instrs)
            return (max(M_par_down, C_i))^2
          [F_up   ]:  (5 instrs)
            acc1 = 0.0
            for child_j in node.children:  # ForEachChild → Σ body(child_j)
              acc1 += M_up
            return abs(sqrt(acc1))
          [F_belief]:  (4 instrs)
            return (D_i / (M_dn / (M_up - EC3)))
          [H_halt ]:  (2 instrs)
            return (old_Mup > abs(new_Mup))  # bool
    # 2  score=0.06177  BER=0.05488  faults=0.00  len=15
          F_down  = max(M_parent_down, tanh(C_i))  [deps: M_parent_down,C_i; val=0.5000]
          F_up    = |sqrt(Sum_children(M_up))|  [deps: all_M_up(16/16); val=3.1623]
          F_belief= (D_i / (M_down / (M_up - EC3)))  [deps: D_i,M_down,M_up; val=-0.3270]
          H_halt  = (old_M_up > |new_M_up|)  [varies: NO (always False)]
    # 3  score=0.06433  BER=0.05525  faults=0.00  len=14
          F_down  = max(M_parent_down, C_i)  [deps: M_parent_down,C_i; val=0.5000]
          F_up    = |sqrt(Sum_children(M_up))|  [deps: all_M_up(16/16); val=3.1623]
          F_belief= (D_i / (M_down / (M_up - EC3)))  [deps: D_i,M_down,M_up; val=-0.2703]
          H_halt  = EC0  [varies: NO (always False)]
    # 4  score=0.07146  BER=0.07009  faults=0.00  len=14
          F_down  = max(M_parent_down, C_i)  [deps: M_parent_down,C_i; val=0.5000]
          F_up    = |sqrt(Sum_children(M_up))|  [deps: all_M_up(16/16); val=3.1623]
          F_belief= (D_i / (M_down / (M_up - EC3)))  [deps: D_i,M_down,M_up; val=-0.0908]
          H_halt  = (new_M_up > EC0)  [varies: YES]
    # 5  score=0.07146  BER=0.07009  faults=0.00  len=15
          F_down  = max(M_parent_down, C_i)  [deps: M_parent_down,C_i; val=0.5000]
          F_up    = |sqrt(Sum_children(M_up))|  [deps: all_M_up(16/16); val=3.1623]
          F_belief= (D_i / (M_down / (M_up - EC3)))  [deps: D_i,M_down,M_up; val=-0.0908]
          H_halt  = (new_M_up > EC0)  [varies: YES]
    # 6  score=0.07344  BER=0.06372  faults=0.00  len=22
          F_down  = max(tanh(D_i), M_parent_down)  [deps: M_parent_down; val=0.5000]
          F_up    = ||sqrt(Sum_children(M_up))||  [deps: all_M_up(16/16); val=3.1623]
          F_belief= (D_i / (M_down / ((M_up - EC3) - EC3)))  [deps: D_i,M_down,M_up; val=-0.7201]
          H_halt  = |(old_M_up > new_M_up)|  [varies: NO (always False)]
    # 7  score=0.07344  BER=0.06372  faults=0.00  len=24
          F_down  = max(tanh(D_i), M_parent_down)  [deps: M_parent_down; val=0.5000]
          F_up    = ||sqrt(Sum_children(M_up))||  [deps: all_M_up(16/16); val=3.1623]
          F_belief= (D_i / (M_down / ((M_up - EC3) - EC3)))  [deps: D_i,M_down,M_up; val=-0.7201]
          H_halt  = (old_M_up > |new_M_up|)  [varies: NO (always False)]
    # 8  score=0.07552  BER=0.06703  faults=0.00  len=16
          F_down  = max(M_parent_down, C_i)  [deps: M_parent_down,C_i; val=0.5000]
          F_up    = |sqrt(Sum_children(M_up))|  [deps: all_M_up(16/16); val=3.1623]
          F_belief= (D_i / (M_down / (M_up - EC3)))  [deps: D_i,M_down,M_up; val=-0.3270]
          H_halt  = (|new_M_up| > old_M_up)  [varies: NO (always True)]
    # 9  score=0.07555  BER=0.06703  faults=0.00  len=12
          F_down  = max(M_parent_down, C_i)  [deps: M_parent_down,C_i; val=0.5000]
          F_up    = Sum_children(M_up)  [deps: all_M_up(16/16); val=10.0000]
          F_belief= (D_i / (M_down / (M_up - EC3)))  [deps: D_i,M_down,M_up; val=-0.3270]
          H_halt  = |(old_M_up > new_M_up)|  [varies: NO (always False)]
    #10  score=0.07611  BER=0.07569  faults=0.00  len=15
          F_down  = max(M_parent_down, C_i)  [deps: M_parent_down,C_i; val=0.5000]
          F_up    = |sqrt(Sum_children(M_up))|  [deps: all_M_up(16/16); val=3.1623]
          F_belief= (D_i / (M_down / (M_up - EC3)))  [deps: D_i,M_down,M_up; val=-0.1848]
          H_halt  = EC0  [varies: YES]

============================================================
  Best formulas (gen 10)
============================================================
  F_down(M_parent_down, C_i) = (max(M_parent_down, C_i))^2  [deps: M_parent_down,C_i; val=0.2500]
  F_up({C_j, M_j_up}) = |sqrt(Sum_children(M_up))|  [deps: all_M_up(16/16); val=3.1623]
  F_belief(D_i, M_down, M_up) = (D_i / (M_down / (M_up - EC3)))  [deps: D_i,M_down,M_up; val=-0.7339]
  H_halt(old_M_up, new_M_up) = (old_M_up > |new_M_up|)  [varies: NO (always False)]
  Evolved constants: EC0=0.010702, EC1=1.897937, EC2=0.666496, EC3=0.640360
  === BP Flow: UP(leaves→root) → DOWN(root→leaves) → Score(frontier) ===

