================================================================================
Structured-BP GP  started 2026-04-15 02:00:09
================================================================================

[2026-04-15 02:00:09] Configuration
{
  "generations": 50,
  "population": 80,
  "train_samples": 200,
  "train_nt": 16,
  "train_nr": 16,
  "mod_order": 16,
  "train_max_nodes": 1000,
  "train_flops_max": 3000000,
  "step_max": 2000,
  "eval_trials": 1000,
  "eval_max_nodes": 1500,
  "eval_flops_max": 5000000,
  "eval_nt": 16,
  "eval_nr": 16,
  "eval_step_max": 8000,
  "train_snrs": "22",
  "eval_snrs": "20,22,24",
  "seed": 2028,
  "continuous": true,
  "use_cpp": true,
  "batch_gens": 5,
  "log_suffix": "fix_mup_v4",
  "seed_genome_json": null
}
------------------------------------------------------------

[2026-04-15 02:00:16] Baseline evaluation (experiment start)
[
  {
    "snr_db": 20.0,
    "lmmse_ber": 0.2259375,
    "lmmse_bit_errors": 3615,
    "kbest16_ber": 0.0336875,
    "kbest16_bit_errors": 539,
    "kbest32_ber": 0.0153125,
    "kbest32_bit_errors": 245,
    "samples": 1000
  },
  {
    "snr_db": 22.0,
    "lmmse_ber": 0.16171348314606743,
    "lmmse_bit_errors": 11514,
    "kbest16_ber": 0.007317415730337079,
    "kbest16_bit_errors": 521,
    "kbest32_ber": 0.0014185393258426967,
    "kbest32_bit_errors": 101,
    "samples": 4450
  },
  {
    "snr_db": 24.0,
    "lmmse_ber": 0.11315,
    "lmmse_bit_errors": 18104,
    "kbest16_ber": 0.0011125,
    "kbest16_bit_errors": 178,
    "kbest32_ber": 0.0003125,
    "kbest32_bit_errors": 50,
    "samples": 10000
  }
]
------------------------------------------------------------

[2026-04-15 02:09:31] Gen 0  Fit(BER=0.12788 ratio=0.704 FLOPs=134463 len=18 faults=0.00 gap=0.033 bp=13949.5 nlbp=0.0 bpg=0.000)  (initial)
  DOWN:[Int.FromFloat ; Float.Neg ; Float.Exp] | UP:[Float.Sqrt ; Node.ForEachChild([Node.GetMUp])] | BEL:[Float.Abs ; Node.GetLocalDist ; Node.GetCumDist ; Float.ConstHalf ; Float.Mul ; Float.Sub] | HALT:[Float.GetNoiseVar ; Int.LT ; Node.GetLayer ; Float.LT ; Float.EvoConst0 ; Int.Swap] | LOGC:[-1.6351,1.7060,-1.7208,-1.9361]
